{"C:\\Users\\mathi\\Desktop\\sistema-de-turnos\\constants.ts": {"path":"C:\\Users\\mathi\\Desktop\\sistema-de-turnos\\constants.ts","statementMap":{"0":{"start":{"line":2,"column":0},"end":{"line":2,"column":52}},"1":{"start":{"line":5,"column":13},"end":{"line":13,"column":2}},"2":{"start":{"line":15,"column":13},"end":{"line":41,"column":2}},"3":{"start":{"line":44,"column":13},"end":{"line":81,"column":2}},"4":{"start":{"line":88,"column":13},"end":{"line":110,"column":2}},"5":{"start":{"line":113,"column":13},"end":{"line":113,"column":90}},"6":{"start":{"line":116,"column":13},"end":{"line":122,"column":11}}},"fnMap":{},"branchMap":{},"s":{"0":5,"1":5,"2":5,"3":5,"4":5,"5":5,"6":5},"f":{},"b":{}}
,"C:\\Users\\mathi\\Desktop\\sistema-de-turnos\\components\\common\\ImageUploader.tsx": {"path":"C:\\Users\\mathi\\Desktop\\sistema-de-turnos\\components\\common\\ImageUploader.tsx","statementMap":{"0":{"start":{"line":1,"column":0},"end":{"line":1,"column":59}},"1":{"start":{"line":2,"column":0},"end":{"line":2,"column":59}},"2":{"start":{"line":21,"column":59},"end":{"line":152,"column":1}},"3":{"start":{"line":29,"column":32},"end":{"line":29,"column":52}},"4":{"start":{"line":30,"column":40},"end":{"line":30,"column":55}},"5":{"start":{"line":31,"column":38},"end":{"line":31,"column":53}},"6":{"start":{"line":32,"column":23},"end":{"line":32,"column":53}},"7":{"start":{"line":35,"column":2},"end":{"line":46,"column":24}},"8":{"start":{"line":36,"column":4},"end":{"line":45,"column":5}},"9":{"start":{"line":37,"column":6},"end":{"line":42,"column":7}},"10":{"start":{"line":38,"column":20},"end":{"line":38,"column":61}},"11":{"start":{"line":39,"column":8},"end":{"line":39,"column":24}},"12":{"start":{"line":41,"column":8},"end":{"line":41,"column":23}},"13":{"start":{"line":44,"column":6},"end":{"line":44,"column":21}},"14":{"start":{"line":48,"column":21},"end":{"line":65,"column":3}},"15":{"start":{"line":49,"column":4},"end":{"line":49,"column":25}},"16":{"start":{"line":50,"column":4},"end":{"line":64,"column":5}},"17":{"start":{"line":51,"column":21},"end":{"line":51,"column":80}},"18":{"start":{"line":53,"column":6},"end":{"line":58,"column":7}},"19":{"start":{"line":54,"column":8},"end":{"line":54,"column":36}},"20":{"start":{"line":55,"column":8},"end":{"line":55,"column":38}},"21":{"start":{"line":57,"column":8},"end":{"line":57,"column":68}},"22":{"start":{"line":60,"column":22},"end":{"line":60,"column":89}},"23":{"start":{"line":61,"column":6},"end":{"line":61,"column":25}},"24":{"start":{"line":63,"column":6},"end":{"line":63,"column":28}},"25":{"start":{"line":67,"column":21},"end":{"line":72,"column":3}},"26":{"start":{"line":68,"column":4},"end":{"line":68,"column":23}},"27":{"start":{"line":69,"column":4},"end":{"line":69,"column":25}},"28":{"start":{"line":70,"column":17},"end":{"line":70,"column":42}},"29":{"start":{"line":71,"column":4},"end":{"line":71,"column":31}},"30":{"start":{"line":71,"column":14},"end":{"line":71,"column":31}},"31":{"start":{"line":74,"column":26},"end":{"line":77,"column":3}},"32":{"start":{"line":75,"column":17},"end":{"line":75,"column":36}},"33":{"start":{"line":76,"column":4},"end":{"line":76,"column":31}},"34":{"start":{"line":76,"column":14},"end":{"line":76,"column":31}},"35":{"start":{"line":79,"column":23},"end":{"line":85,"column":3}},"36":{"start":{"line":80,"column":4},"end":{"line":82,"column":5}},"37":{"start":{"line":81,"column":6},"end":{"line":81,"column":54}},"38":{"start":{"line":83,"column":4},"end":{"line":83,"column":19}},"39":{"start":{"line":84,"column":4},"end":{"line":84,"column":22}},"40":{"start":{"line":88,"column":27},"end":{"line":88,"column":78}},"41":{"start":{"line":89,"column":20},"end":{"line":89,"column":66}},"42":{"start":{"line":91,"column":2},"end":{"line":151,"column":4}},"43":{"start":{"line":118,"column":12},"end":{"line":118,"column":31}},"44":{"start":{"line":119,"column":12},"end":{"line":119,"column":32}},"45":{"start":{"line":121,"column":29},"end":{"line":121,"column":49}},"46":{"start":{"line":123,"column":25},"end":{"line":123,"column":54}},"47":{"start":{"line":21,"column":13},"end":{"line":21,"column":59}}},"fnMap":{"0":{"name":"(anonymous_0)","decl":{"start":{"line":21,"column":59},"end":{"line":21,"column":60}},"loc":{"start":{"line":28,"column":5},"end":{"line":152,"column":1}}},"1":{"name":"(anonymous_1)","decl":{"start":{"line":35,"column":12},"end":{"line":35,"column":15}},"loc":{"start":{"line":35,"column":17},"end":{"line":46,"column":3}}},"2":{"name":"(anonymous_2)","decl":{"start":{"line":48,"column":21},"end":{"line":48,"column":26}},"loc":{"start":{"line":48,"column":42},"end":{"line":65,"column":3}}},"3":{"name":"(anonymous_3)","decl":{"start":{"line":67,"column":21},"end":{"line":67,"column":22}},"loc":{"start":{"line":67,"column":44},"end":{"line":72,"column":3}}},"4":{"name":"(anonymous_4)","decl":{"start":{"line":74,"column":26},"end":{"line":74,"column":27}},"loc":{"start":{"line":74,"column":69},"end":{"line":77,"column":3}}},"5":{"name":"(anonymous_5)","decl":{"start":{"line":79,"column":23},"end":{"line":79,"column":28}},"loc":{"start":{"line":79,"column":34},"end":{"line":85,"column":3}}},"6":{"name":"(anonymous_6)","decl":{"start":{"line":117,"column":22},"end":{"line":117,"column":23}},"loc":{"start":{"line":117,"column":28},"end":{"line":120,"column":11}}},"7":{"name":"(anonymous_7)","decl":{"start":{"line":121,"column":23},"end":{"line":121,"column":26}},"loc":{"start":{"line":121,"column":29},"end":{"line":121,"column":49}}},"8":{"name":"(anonymous_8)","decl":{"start":{"line":123,"column":19},"end":{"line":123,"column":22}},"loc":{"start":{"line":123,"column":25},"end":{"line":123,"column":54}}}},"branchMap":{"0":{"loc":{"start":{"line":27,"column":2},"end":{"line":27,"column":16}},"type":"default-arg","locations":[{"start":{"line":27,"column":14},"end":{"line":27,"column":16}}]},"1":{"loc":{"start":{"line":36,"column":4},"end":{"line":45,"column":5}},"type":"if","locations":[{"start":{"line":36,"column":4},"end":{"line":45,"column":5}},{"start":{"line":43,"column":11},"end":{"line":45,"column":5}}]},"2":{"loc":{"start":{"line":53,"column":6},"end":{"line":58,"column":7}},"type":"if","locations":[{"start":{"line":53,"column":6},"end":{"line":58,"column":7}},{"start":{"line":56,"column":13},"end":{"line":58,"column":7}}]},"3":{"loc":{"start":{"line":57,"column":24},"end":{"line":57,"column":66}},"type":"binary-expr","locations":[{"start":{"line":57,"column":24},"end":{"line":57,"column":36}},{"start":{"line":57,"column":40},"end":{"line":57,"column":66}}]},"4":{"loc":{"start":{"line":60,"column":22},"end":{"line":60,"column":89}},"type":"cond-expr","locations":[{"start":{"line":60,"column":47},"end":{"line":60,"column":60}},{"start":{"line":60,"column":63},"end":{"line":60,"column":89}}]},"5":{"loc":{"start":{"line":71,"column":4},"end":{"line":71,"column":31}},"type":"if","locations":[{"start":{"line":71,"column":4},"end":{"line":71,"column":31}}]},"6":{"loc":{"start":{"line":76,"column":4},"end":{"line":76,"column":31}},"type":"if","locations":[{"start":{"line":76,"column":4},"end":{"line":76,"column":31}}]},"7":{"loc":{"start":{"line":80,"column":4},"end":{"line":82,"column":5}},"type":"if","locations":[{"start":{"line":80,"column":4},"end":{"line":82,"column":5}}]},"8":{"loc":{"start":{"line":88,"column":27},"end":{"line":88,"column":78}},"type":"cond-expr","locations":[{"start":{"line":88,"column":46},"end":{"line":88,"column":60}},{"start":{"line":88,"column":63},"end":{"line":88,"column":78}}]},"9":{"loc":{"start":{"line":89,"column":20},"end":{"line":89,"column":66}},"type":"cond-expr","locations":[{"start":{"line":89,"column":39},"end":{"line":89,"column":52}},{"start":{"line":89,"column":55},"end":{"line":89,"column":66}}]},"10":{"loc":{"start":{"line":95,"column":7},"end":{"line":140,"column":null}},"type":"cond-expr","locations":[{"start":{"line":96,"column":8},"end":{"line":110,"column":null}},{"start":{"line":113,"column":8},"end":{"line":139,"column":null}}]},"11":{"loc":{"start":{"line":115,"column":12},"end":{"line":115,"column":null}},"type":"cond-expr","locations":[{"start":{"line":115,"column":25},"end":{"line":115,"column":52}},{"start":{"line":115,"column":55},"end":{"line":115,"column":null}}]},"12":{"loc":{"start":{"line":125,"column":11},"end":{"line":138,"column":null}},"type":"cond-expr","locations":[{"start":{"line":126,"column":12},"end":{"line":128,"column":null}},{"start":{"line":131,"column":12},"end":{"line":137,"column":null}}]},"13":{"loc":{"start":{"line":133,"column":17},"end":{"line":133,"column":67}},"type":"cond-expr","locations":[{"start":{"line":133,"column":30},"end":{"line":133,"column":43}},{"start":{"line":133,"column":46},"end":{"line":133,"column":67}}]},"14":{"loc":{"start":{"line":136,"column":38},"end":{"line":136,"column":70}},"type":"cond-expr","locations":[{"start":{"line":136,"column":57},"end":{"line":136,"column":62}},{"start":{"line":136,"column":65},"end":{"line":136,"column":70}}]}},"s":{"0":1,"1":1,"2":1,"3":12,"4":12,"5":12,"6":12,"7":12,"8":4,"9":1,"10":1,"11":1,"12":0,"13":3,"14":12,"15":2,"16":2,"17":2,"18":2,"19":1,"20":1,"21":1,"22":1,"23":1,"24":2,"25":12,"26":0,"27":0,"28":0,"29":0,"30":0,"31":12,"32":2,"33":2,"34":2,"35":12,"36":1,"37":1,"38":1,"39":1,"40":12,"41":12,"42":12,"43":0,"44":0,"45":0,"46":0,"47":1},"f":{"0":12,"1":4,"2":2,"3":0,"4":2,"5":1,"6":0,"7":0,"8":0},"b":{"0":[12],"1":[1,3],"2":[1,1],"3":[1,0],"4":[1,0],"5":[0],"6":[2],"7":[1],"8":[0,12],"9":[0,12],"10":[2,10],"11":[0,10],"12":[4,6],"13":[0,6],"14":[0,6]}}
,"C:\\Users\\mathi\\Desktop\\sistema-de-turnos\\components\\ui\\Button.tsx": {"path":"C:\\Users\\mathi\\Desktop\\sistema-de-turnos\\components\\ui\\Button.tsx","statementMap":{"0":{"start":{"line":1,"column":0},"end":{"line":1,"column":26}},"1":{"start":{"line":41,"column":45},"end":{"line":67,"column":1}},"2":{"start":{"line":47,"column":24},"end":{"line":47,"column":114}},"3":{"start":{"line":49,"column":27},"end":{"line":53,"column":6}},"4":{"start":{"line":55,"column":24},"end":{"line":59,"column":6}},"5":{"start":{"line":61,"column":4},"end":{"line":66,"column":6}},"6":{"start":{"line":41,"column":13},"end":{"line":41,"column":45}}},"fnMap":{"0":{"name":"(anonymous_0)","decl":{"start":{"line":41,"column":45},"end":{"line":41,"column":46}},"loc":{"start":{"line":46,"column":5},"end":{"line":67,"column":1}}}},"branchMap":{"0":{"loc":{"start":{"line":42,"column":4},"end":{"line":42,"column":23}},"type":"default-arg","locations":[{"start":{"line":42,"column":14},"end":{"line":42,"column":23}}]},"1":{"loc":{"start":{"line":43,"column":4},"end":{"line":43,"column":15}},"type":"default-arg","locations":[{"start":{"line":43,"column":11},"end":{"line":43,"column":15}}]}},"s":{"0":1,"1":1,"2":12,"3":12,"4":12,"5":12,"6":1},"f":{"0":12},"b":{"0":[10],"1":[10]}}
,"C:\\Users\\mathi\\Desktop\\sistema-de-turnos\\components\\ui\\ErrorMessage.tsx": {"path":"C:\\Users\\mathi\\Desktop\\sistema-de-turnos\\components\\ui\\ErrorMessage.tsx","statementMap":{"0":{"start":{"line":1,"column":0},"end":{"line":1,"column":26}},"1":{"start":{"line":26,"column":57},"end":{"line":39,"column":1}},"2":{"start":{"line":27,"column":4},"end":{"line":29,"column":5}},"3":{"start":{"line":28,"column":8},"end":{"line":28,"column":20}},"4":{"start":{"line":31,"column":4},"end":{"line":38,"column":6}},"5":{"start":{"line":26,"column":13},"end":{"line":26,"column":57}}},"fnMap":{"0":{"name":"(anonymous_0)","decl":{"start":{"line":26,"column":57},"end":{"line":26,"column":58}},"loc":{"start":{"line":26,"column":84},"end":{"line":39,"column":1}}}},"branchMap":{"0":{"loc":{"start":{"line":27,"column":4},"end":{"line":29,"column":5}},"type":"if","locations":[{"start":{"line":27,"column":4},"end":{"line":29,"column":5}}]}},"s":{"0":1,"1":1,"2":6,"3":2,"4":4,"5":1},"f":{"0":6},"b":{"0":[2]}}
,"C:\\Users\\mathi\\Desktop\\sistema-de-turnos\\components\\ui\\Input.tsx": {"path":"C:\\Users\\mathi\\Desktop\\sistema-de-turnos\\components\\ui\\Input.tsx","statementMap":{"0":{"start":{"line":1,"column":0},"end":{"line":1,"column":26}},"1":{"start":{"line":32,"column":43},"end":{"line":60,"column":1}},"2":{"start":{"line":40,"column":24},"end":{"line":40,"column":149}},"3":{"start":{"line":41,"column":24},"end":{"line":41,"column":43}},"4":{"start":{"line":43,"column":4},"end":{"line":59,"column":6}},"5":{"start":{"line":32,"column":13},"end":{"line":32,"column":43}}},"fnMap":{"0":{"name":"(anonymous_0)","decl":{"start":{"line":32,"column":43},"end":{"line":32,"column":44}},"loc":{"start":{"line":39,"column":5},"end":{"line":60,"column":1}}}},"branchMap":{"0":{"loc":{"start":{"line":41,"column":24},"end":{"line":41,"column":43}},"type":"cond-expr","locations":[{"start":{"line":41,"column":31},"end":{"line":41,"column":38}},{"start":{"line":41,"column":41},"end":{"line":41,"column":43}}]},"1":{"loc":{"start":{"line":45,"column":13},"end":{"line":45,"column":113}},"type":"binary-expr","locations":[{"start":{"line":45,"column":13},"end":{"line":45,"column":18}},{"start":{"line":45,"column":22},"end":{"line":45,"column":113}}]},"2":{"loc":{"start":{"line":47,"column":17},"end":{"line":50,"column":null}},"type":"binary-expr","locations":[{"start":{"line":47,"column":17},"end":{"line":47,"column":21}},{"start":{"line":48,"column":20},"end":{"line":49,"column":null}}]}},"s":{"0":1,"1":1,"2":12,"3":12,"4":12,"5":1},"f":{"0":12},"b":{"0":[1,11],"1":[12,2],"2":[12,1]}}
,"C:\\Users\\mathi\\Desktop\\sistema-de-turnos\\components\\ui\\LoadingSpinner.tsx": {"path":"C:\\Users\\mathi\\Desktop\\sistema-de-turnos\\components\\ui\\LoadingSpinner.tsx","statementMap":{"0":{"start":{"line":1,"column":0},"end":{"line":1,"column":26}},"1":{"start":{"line":35,"column":61},"end":{"line":50,"column":1}},"2":{"start":{"line":36,"column":24},"end":{"line":40,"column":6}},"3":{"start":{"line":42,"column":4},"end":{"line":49,"column":6}},"4":{"start":{"line":35,"column":13},"end":{"line":35,"column":61}}},"fnMap":{"0":{"name":"(anonymous_0)","decl":{"start":{"line":35,"column":61},"end":{"line":35,"column":62}},"loc":{"start":{"line":35,"column":92},"end":{"line":50,"column":1}}}},"branchMap":{"0":{"loc":{"start":{"line":35,"column":64},"end":{"line":35,"column":75}},"type":"default-arg","locations":[{"start":{"line":35,"column":71},"end":{"line":35,"column":75}}]}},"s":{"0":1,"1":1,"2":7,"3":7,"4":1},"f":{"0":7},"b":{"0":[5]}}
,"C:\\Users\\mathi\\Desktop\\sistema-de-turnos\\context\\BusinessContext.tsx": {"path":"C:\\Users\\mathi\\Desktop\\sistema-de-turnos\\context\\BusinessContext.tsx","statementMap":{"0":{"start":{"line":1,"column":0},"end":{"line":1,"column":107}},"1":{"start":{"line":3,"column":0},"end":{"line":3,"column":53}},"2":{"start":{"line":4,"column":0},"end":{"line":4,"column":54}},"3":{"start":{"line":28,"column":29},"end":{"line":28,"column":75}},"4":{"start":{"line":29,"column":32},"end":{"line":29,"column":105}},"5":{"start":{"line":32,"column":24},"end":{"line":40,"column":1}},"6":{"start":{"line":33,"column":4},"end":{"line":39,"column":5}},"7":{"start":{"line":36,"column":12},"end":{"line":36,"column":34}},"8":{"start":{"line":38,"column":12},"end":{"line":38,"column":25}},"9":{"start":{"line":43,"column":73},"end":{"line":177,"column":1}},"10":{"start":{"line":44,"column":30},"end":{"line":44,"column":80}},"11":{"start":{"line":45,"column":36},"end":{"line":45,"column":51}},"12":{"start":{"line":46,"column":21},"end":{"line":46,"column":34}},"13":{"start":{"line":49,"column":4},"end":{"line":51,"column":16}},"14":{"start":{"line":50,"column":8},"end":{"line":50,"column":33}},"15":{"start":{"line":53,"column":4},"end":{"line":65,"column":11}},"16":{"start":{"line":54,"column":21},"end":{"line":63,"column":9}},"17":{"start":{"line":55,"column":12},"end":{"line":62,"column":13}},"18":{"start":{"line":56,"column":36},"end":{"line":56,"column":71}},"19":{"start":{"line":57,"column":16},"end":{"line":57,"column":74}},"20":{"start":{"line":59,"column":16},"end":{"line":59,"column":77}},"21":{"start":{"line":61,"column":16},"end":{"line":61,"column":34}},"22":{"start":{"line":64,"column":8},"end":{"line":64,"column":15}},"23":{"start":{"line":67,"column":26},"end":{"line":162,"column":5}},"24":{"start":{"line":68,"column":8},"end":{"line":161,"column":9}},"25":{"start":{"line":69,"column":33},"end":{"line":69,"column":49}},"26":{"start":{"line":71,"column":12},"end":{"line":157,"column":13}},"27":{"start":{"line":73,"column":44},"end":{"line":73,"column":96}},"28":{"start":{"line":74,"column":20},"end":{"line":74,"column":84}},"29":{"start":{"line":75,"column":20},"end":{"line":75,"column":26}},"30":{"start":{"line":77,"column":59},"end":{"line":77,"column":103}},"31":{"start":{"line":78,"column":20},"end":{"line":78,"column":99}},"32":{"start":{"line":79,"column":20},"end":{"line":79,"column":26}},"33":{"start":{"line":81,"column":62},"end":{"line":81,"column":109}},"34":{"start":{"line":82,"column":20},"end":{"line":82,"column":102}},"35":{"start":{"line":83,"column":20},"end":{"line":83,"column":26}},"36":{"start":{"line":85,"column":62},"end":{"line":85,"column":109}},"37":{"start":{"line":86,"column":20},"end":{"line":86,"column":102}},"38":{"start":{"line":87,"column":20},"end":{"line":87,"column":26}},"39":{"start":{"line":89,"column":60},"end":{"line":89,"column":105}},"40":{"start":{"line":90,"column":20},"end":{"line":90,"column":100}},"41":{"start":{"line":91,"column":20},"end":{"line":91,"column":26}},"42":{"start":{"line":93,"column":63},"end":{"line":93,"column":111}},"43":{"start":{"line":94,"column":20},"end":{"line":94,"column":103}},"44":{"start":{"line":95,"column":20},"end":{"line":95,"column":26}},"45":{"start":{"line":97,"column":63},"end":{"line":97,"column":111}},"46":{"start":{"line":98,"column":20},"end":{"line":98,"column":103}},"47":{"start":{"line":99,"column":20},"end":{"line":99,"column":26}},"48":{"start":{"line":101,"column":50},"end":{"line":101,"column":118}},"49":{"start":{"line":101,"column":83},"end":{"line":101,"column":117}},"50":{"start":{"line":102,"column":20},"end":{"line":105,"column":21}},"51":{"start":{"line":103,"column":66},"end":{"line":103,"column":157}},"52":{"start":{"line":104,"column":24},"end":{"line":104,"column":106}},"53":{"start":{"line":106,"column":20},"end":{"line":106,"column":26}},"54":{"start":{"line":108,"column":62},"end":{"line":108,"column":109}},"55":{"start":{"line":109,"column":20},"end":{"line":109,"column":102}},"56":{"start":{"line":110,"column":20},"end":{"line":110,"column":26}},"57":{"start":{"line":112,"column":62},"end":{"line":112,"column":109}},"58":{"start":{"line":113,"column":20},"end":{"line":113,"column":102}},"59":{"start":{"line":114,"column":20},"end":{"line":114,"column":26}},"60":{"start":{"line":116,"column":62},"end":{"line":116,"column":109}},"61":{"start":{"line":117,"column":20},"end":{"line":117,"column":102}},"62":{"start":{"line":118,"column":20},"end":{"line":118,"column":26}},"63":{"start":{"line":120,"column":48},"end":{"line":120,"column":135}},"64":{"start":{"line":121,"column":52},"end":{"line":121,"column":109}},"65":{"start":{"line":122,"column":20},"end":{"line":122,"column":92}},"66":{"start":{"line":123,"column":20},"end":{"line":123,"column":26}},"67":{"start":{"line":125,"column":49},"end":{"line":125,"column":91}},"68":{"start":{"line":126,"column":53},"end":{"line":126,"column":111}},"69":{"start":{"line":127,"column":20},"end":{"line":127,"column":93}},"70":{"start":{"line":128,"column":20},"end":{"line":128,"column":26}},"71":{"start":{"line":130,"column":52},"end":{"line":130,"column":97}},"72":{"start":{"line":131,"column":56},"end":{"line":131,"column":117}},"73":{"start":{"line":132,"column":20},"end":{"line":132,"column":96}},"74":{"start":{"line":133,"column":20},"end":{"line":133,"column":26}},"75":{"start":{"line":135,"column":49},"end":{"line":135,"column":91}},"76":{"start":{"line":136,"column":53},"end":{"line":136,"column":111}},"77":{"start":{"line":137,"column":20},"end":{"line":137,"column":93}},"78":{"start":{"line":138,"column":20},"end":{"line":138,"column":26}},"79":{"start":{"line":141,"column":49},"end":{"line":141,"column":99}},"80":{"start":{"line":142,"column":47},"end":{"line":142,"column":101}},"81":{"start":{"line":143,"column":24},"end":{"line":143,"column":87}},"82":{"start":{"line":145,"column":20},"end":{"line":145,"column":26}},"83":{"start":{"line":148,"column":51},"end":{"line":148,"column":103}},"84":{"start":{"line":149,"column":49},"end":{"line":149,"column":105}},"85":{"start":{"line":150,"column":24},"end":{"line":150,"column":89}},"86":{"start":{"line":152,"column":20},"end":{"line":152,"column":26}},"87":{"start":{"line":156,"column":20},"end":{"line":156,"column":37}},"88":{"start":{"line":159,"column":12},"end":{"line":159,"column":62}},"89":{"start":{"line":160,"column":12},"end":{"line":160,"column":24}},"90":{"start":{"line":164,"column":33},"end":{"line":164,"column":71}},"91":{"start":{"line":164,"column":48},"end":{"line":164,"column":60}},"92":{"start":{"line":166,"column":4},"end":{"line":168,"column":5}},"93":{"start":{"line":167,"column":8},"end":{"line":167,"column":46}},"94":{"start":{"line":170,"column":4},"end":{"line":176,"column":6}},"95":{"start":{"line":43,"column":13},"end":{"line":43,"column":73}},"96":{"start":{"line":180,"column":32},"end":{"line":186,"column":1}},"97":{"start":{"line":181,"column":20},"end":{"line":181,"column":52}},"98":{"start":{"line":182,"column":4},"end":{"line":184,"column":5}},"99":{"start":{"line":183,"column":8},"end":{"line":183,"column":83}},"100":{"start":{"line":185,"column":4},"end":{"line":185,"column":19}},"101":{"start":{"line":180,"column":13},"end":{"line":180,"column":32}},"102":{"start":{"line":188,"column":35},"end":{"line":194,"column":1}},"103":{"start":{"line":189,"column":20},"end":{"line":189,"column":55}},"104":{"start":{"line":190,"column":4},"end":{"line":192,"column":5}},"105":{"start":{"line":191,"column":8},"end":{"line":191,"column":86}},"106":{"start":{"line":193,"column":4},"end":{"line":193,"column":19}},"107":{"start":{"line":188,"column":13},"end":{"line":188,"column":35}}},"fnMap":{"0":{"name":"(anonymous_0)","decl":{"start":{"line":32,"column":24},"end":{"line":32,"column":25}},"loc":{"start":{"line":32,"column":70},"end":{"line":40,"column":1}}},"1":{"name":"(anonymous_1)","decl":{"start":{"line":43,"column":73},"end":{"line":43,"column":74}},"loc":{"start":{"line":43,"column":90},"end":{"line":177,"column":1}}},"2":{"name":"(anonymous_2)","decl":{"start":{"line":49,"column":14},"end":{"line":49,"column":17}},"loc":{"start":{"line":49,"column":19},"end":{"line":51,"column":5}}},"3":{"name":"(anonymous_3)","decl":{"start":{"line":53,"column":14},"end":{"line":53,"column":17}},"loc":{"start":{"line":53,"column":19},"end":{"line":65,"column":5}}},"4":{"name":"(anonymous_4)","decl":{"start":{"line":54,"column":21},"end":{"line":54,"column":26}},"loc":{"start":{"line":54,"column":32},"end":{"line":63,"column":9}}},"5":{"name":"(anonymous_5)","decl":{"start":{"line":67,"column":26},"end":{"line":67,"column":31}},"loc":{"start":{"line":67,"column":51},"end":{"line":162,"column":5}}},"6":{"name":"(anonymous_6)","decl":{"start":{"line":101,"column":78},"end":{"line":101,"column":79}},"loc":{"start":{"line":101,"column":83},"end":{"line":101,"column":117}}},"7":{"name":"(anonymous_7)","decl":{"start":{"line":164,"column":41},"end":{"line":164,"column":44}},"loc":{"start":{"line":164,"column":48},"end":{"line":164,"column":60}}},"8":{"name":"(anonymous_8)","decl":{"start":{"line":180,"column":32},"end":{"line":180,"column":35}},"loc":{"start":{"line":180,"column":37},"end":{"line":186,"column":1}}},"9":{"name":"(anonymous_9)","decl":{"start":{"line":188,"column":35},"end":{"line":188,"column":38}},"loc":{"start":{"line":188,"column":40},"end":{"line":194,"column":1}}}},"branchMap":{"0":{"loc":{"start":{"line":33,"column":4},"end":{"line":39,"column":5}},"type":"switch","locations":[{"start":{"line":34,"column":8},"end":{"line":34,"column":29}},{"start":{"line":35,"column":8},"end":{"line":36,"column":34}},{"start":{"line":37,"column":8},"end":{"line":38,"column":25}}]},"1":{"loc":{"start":{"line":71,"column":12},"end":{"line":157,"column":13}},"type":"switch","locations":[{"start":{"line":72,"column":16},"end":{"line":75,"column":26}},{"start":{"line":76,"column":16},"end":{"line":79,"column":26}},{"start":{"line":80,"column":16},"end":{"line":83,"column":26}},{"start":{"line":84,"column":16},"end":{"line":87,"column":26}},{"start":{"line":88,"column":16},"end":{"line":91,"column":26}},{"start":{"line":92,"column":16},"end":{"line":95,"column":26}},{"start":{"line":96,"column":16},"end":{"line":99,"column":26}},{"start":{"line":100,"column":16},"end":{"line":106,"column":26}},{"start":{"line":107,"column":16},"end":{"line":110,"column":26}},{"start":{"line":111,"column":16},"end":{"line":114,"column":26}},{"start":{"line":115,"column":16},"end":{"line":118,"column":26}},{"start":{"line":119,"column":16},"end":{"line":123,"column":26}},{"start":{"line":124,"column":16},"end":{"line":128,"column":26}},{"start":{"line":129,"column":16},"end":{"line":133,"column":26}},{"start":{"line":134,"column":16},"end":{"line":138,"column":26}},{"start":{"line":139,"column":16},"end":{"line":145,"column":26}},{"start":{"line":146,"column":16},"end":{"line":152,"column":26}},{"start":{"line":153,"column":16},"end":{"line":156,"column":37}}]},"2":{"loc":{"start":{"line":102,"column":20},"end":{"line":105,"column":21}},"type":"if","locations":[{"start":{"line":102,"column":20},"end":{"line":105,"column":21}}]},"3":{"loc":{"start":{"line":166,"column":4},"end":{"line":168,"column":5}},"type":"if","locations":[{"start":{"line":166,"column":4},"end":{"line":168,"column":5}}]},"4":{"loc":{"start":{"line":182,"column":4},"end":{"line":184,"column":5}},"type":"if","locations":[{"start":{"line":182,"column":4},"end":{"line":184,"column":5}}]},"5":{"loc":{"start":{"line":190,"column":4},"end":{"line":192,"column":5}},"type":"if","locations":[{"start":{"line":190,"column":4},"end":{"line":192,"column":5}}]}},"s":{"0":1,"1":1,"2":1,"3":1,"4":1,"5":1,"6":6,"7":6,"8":0,"9":1,"10":10,"11":10,"12":10,"13":10,"14":6,"15":10,"16":4,"17":4,"18":4,"19":4,"20":0,"21":4,"22":4,"23":10,"24":3,"25":3,"26":3,"27":0,"28":0,"29":0,"30":0,"31":0,"32":0,"33":0,"34":0,"35":0,"36":0,"37":0,"38":0,"39":2,"40":1,"41":1,"42":0,"43":0,"44":0,"45":0,"46":0,"47":0,"48":0,"49":0,"50":0,"51":0,"52":0,"53":0,"54":0,"55":0,"56":0,"57":0,"58":0,"59":0,"60":0,"61":0,"62":0,"63":0,"64":0,"65":0,"66":0,"67":1,"68":1,"69":1,"70":1,"71":0,"72":0,"73":0,"74":0,"75":0,"76":0,"77":0,"78":0,"79":0,"80":0,"81":0,"82":0,"83":0,"84":0,"85":0,"86":0,"87":0,"88":1,"89":1,"90":10,"91":6,"92":10,"93":4,"94":6,"95":1,"96":1,"97":5,"98":5,"99":0,"100":5,"101":1,"102":1,"103":5,"104":5,"105":0,"106":5,"107":1},"f":{"0":6,"1":10,"2":6,"3":4,"4":4,"5":3,"6":0,"7":6,"8":5,"9":5},"b":{"0":[4,6,0],"1":[0,0,0,0,2,0,0,0,0,0,0,0,1,0,0,0,0,0],"2":[0],"3":[4],"4":[0],"5":[0]}}
,"C:\\Users\\mathi\\Desktop\\sistema-de-turnos\\services\\api.ts": {"path":"C:\\Users\\mathi\\Desktop\\sistema-de-turnos\\services\\api.ts","statementMap":{"0":{"start":{"line":2,"column":0},"end":{"line":2,"column":119}},"1":{"start":{"line":8,"column":33},"end":{"line":99,"column":1}},"2":{"start":{"line":15,"column":26},"end":{"line":15,"column":85}},"3":{"start":{"line":15,"column":54},"end":{"line":15,"column":81}},"4":{"start":{"line":16,"column":4},"end":{"line":18,"column":5}},"5":{"start":{"line":17,"column":8},"end":{"line":17,"column":18}},"6":{"start":{"line":21,"column":22},"end":{"line":21,"column":142}},"7":{"start":{"line":22,"column":32},"end":{"line":22,"column":57}},"8":{"start":{"line":25,"column":4},"end":{"line":27,"column":5}},"9":{"start":{"line":26,"column":8},"end":{"line":26,"column":18}},"10":{"start":{"line":30,"column":23},"end":{"line":30,"column":55}},"11":{"start":{"line":31,"column":30},"end":{"line":31,"column":94}},"12":{"start":{"line":31,"column":66},"end":{"line":31,"column":93}},"13":{"start":{"line":34,"column":43},"end":{"line":34,"column":52}},"14":{"start":{"line":36,"column":4},"end":{"line":95,"column":5}},"15":{"start":{"line":37,"column":35},"end":{"line":38,"column":null}},"16":{"start":{"line":38,"column":12},"end":{"line":38,"column":75}},"17":{"start":{"line":38,"column":38},"end":{"line":38,"column":74}},"18":{"start":{"line":41,"column":8},"end":{"line":62,"column":9}},"19":{"start":{"line":42,"column":35},"end":{"line":42,"column":92}},"20":{"start":{"line":44,"column":12},"end":{"line":46,"column":13}},"21":{"start":{"line":45,"column":16},"end":{"line":45,"column":25}},"22":{"start":{"line":48,"column":37},"end":{"line":48,"column":91}},"23":{"start":{"line":48,"column":67},"end":{"line":48,"column":90}},"24":{"start":{"line":49,"column":52},"end":{"line":53,"column":15}},"25":{"start":{"line":49,"column":79},"end":{"line":53,"column":14}},"26":{"start":{"line":55,"column":37},"end":{"line":60,"column":14}},"27":{"start":{"line":61,"column":12},"end":{"line":61,"column":76}},"28":{"start":{"line":61,"column":45},"end":{"line":61,"column":74}},"29":{"start":{"line":64,"column":33},"end":{"line":64,"column":86}},"30":{"start":{"line":64,"column":64},"end":{"line":64,"column":85}},"31":{"start":{"line":65,"column":8},"end":{"line":67,"column":9}},"32":{"start":{"line":66,"column":12},"end":{"line":66,"column":22}},"33":{"start":{"line":70,"column":28},"end":{"line":70,"column":104}},"34":{"start":{"line":70,"column":54},"end":{"line":70,"column":103}},"35":{"start":{"line":71,"column":8},"end":{"line":73,"column":9}},"36":{"start":{"line":72,"column":12},"end":{"line":72,"column":22}},"37":{"start":{"line":75,"column":31},"end":{"line":75,"column":101}},"38":{"start":{"line":77,"column":8},"end":{"line":79,"column":9}},"39":{"start":{"line":78,"column":12},"end":{"line":78,"column":22}},"40":{"start":{"line":81,"column":33},"end":{"line":81,"column":91}},"41":{"start":{"line":81,"column":63},"end":{"line":81,"column":90}},"42":{"start":{"line":82,"column":48},"end":{"line":86,"column":11}},"43":{"start":{"line":82,"column":75},"end":{"line":86,"column":10}},"44":{"start":{"line":88,"column":22},"end":{"line":93,"column":10}},"45":{"start":{"line":94,"column":8},"end":{"line":94,"column":61}},"46":{"start":{"line":94,"column":30},"end":{"line":94,"column":59}},"47":{"start":{"line":98,"column":4},"end":{"line":98,"column":50}},"48":{"start":{"line":8,"column":13},"end":{"line":8,"column":33}},"49":{"start":{"line":104,"column":44},"end":{"line":159,"column":1}},"50":{"start":{"line":111,"column":22},"end":{"line":111,"column":142}},"51":{"start":{"line":112,"column":23},"end":{"line":112,"column":55}},"52":{"start":{"line":113,"column":29},"end":{"line":113,"column":48}},"53":{"start":{"line":114,"column":27},"end":{"line":114,"column":59}},"54":{"start":{"line":115,"column":32},"end":{"line":115,"column":57}},"55":{"start":{"line":118,"column":31},"end":{"line":119,"column":null}},"56":{"start":{"line":119,"column":8},"end":{"line":119,"column":71}},"57":{"start":{"line":119,"column":34},"end":{"line":119,"column":70}},"58":{"start":{"line":123,"column":4},"end":{"line":155,"column":5}},"59":{"start":{"line":125,"column":31},"end":{"line":125,"column":88}},"60":{"start":{"line":126,"column":8},"end":{"line":128,"column":9}},"61":{"start":{"line":127,"column":12},"end":{"line":127,"column":21}},"62":{"start":{"line":130,"column":37},"end":{"line":134,"column":10}},"63":{"start":{"line":131,"column":41},"end":{"line":131,"column":69}},"64":{"start":{"line":132,"column":39},"end":{"line":132,"column":68}},"65":{"start":{"line":133,"column":12},"end":{"line":133,"column":100}},"66":{"start":{"line":136,"column":8},"end":{"line":138,"column":9}},"67":{"start":{"line":137,"column":12},"end":{"line":137,"column":21}},"68":{"start":{"line":141,"column":33},"end":{"line":142,"column":null}},"69":{"start":{"line":142,"column":17},"end":{"line":142,"column":65}},"70":{"start":{"line":145,"column":30},"end":{"line":149,"column":10}},"71":{"start":{"line":146,"column":40},"end":{"line":146,"column":68}},"72":{"start":{"line":147,"column":38},"end":{"line":147,"column":64}},"73":{"start":{"line":148,"column":12},"end":{"line":148,"column":96}},"74":{"start":{"line":152,"column":8},"end":{"line":154,"column":9}},"75":{"start":{"line":153,"column":12},"end":{"line":153,"column":23}},"76":{"start":{"line":158,"column":4},"end":{"line":158,"column":16}},"77":{"start":{"line":104,"column":13},"end":{"line":104,"column":44}}},"fnMap":{"0":{"name":"(anonymous_0)","decl":{"start":{"line":8,"column":33},"end":{"line":8,"column":38}},"loc":{"start":{"line":13,"column":23},"end":{"line":99,"column":1}}},"1":{"name":"(anonymous_1)","decl":{"start":{"line":15,"column":42},"end":{"line":15,"column":43}},"loc":{"start":{"line":15,"column":54},"end":{"line":15,"column":81}}},"2":{"name":"(anonymous_2)","decl":{"start":{"line":31,"column":55},"end":{"line":31,"column":62}},"loc":{"start":{"line":31,"column":66},"end":{"line":31,"column":93}}},"3":{"name":"(anonymous_3)","decl":{"start":{"line":37,"column":61},"end":{"line":37,"column":64}},"loc":{"start":{"line":38,"column":12},"end":{"line":38,"column":75}}},"4":{"name":"(anonymous_4)","decl":{"start":{"line":38,"column":27},"end":{"line":38,"column":34}},"loc":{"start":{"line":38,"column":38},"end":{"line":38,"column":74}}},"5":{"name":"(anonymous_5)","decl":{"start":{"line":48,"column":62},"end":{"line":48,"column":63}},"loc":{"start":{"line":48,"column":67},"end":{"line":48,"column":90}}},"6":{"name":"(anonymous_6)","decl":{"start":{"line":49,"column":73},"end":{"line":49,"column":74}},"loc":{"start":{"line":49,"column":79},"end":{"line":53,"column":14}}},"7":{"name":"(anonymous_7)","decl":{"start":{"line":61,"column":37},"end":{"line":61,"column":41}},"loc":{"start":{"line":61,"column":45},"end":{"line":61,"column":74}}},"8":{"name":"(anonymous_8)","decl":{"start":{"line":64,"column":57},"end":{"line":64,"column":60}},"loc":{"start":{"line":64,"column":64},"end":{"line":64,"column":85}}},"9":{"name":"(anonymous_9)","decl":{"start":{"line":70,"column":43},"end":{"line":70,"column":50}},"loc":{"start":{"line":70,"column":54},"end":{"line":70,"column":103}}},"10":{"name":"(anonymous_10)","decl":{"start":{"line":81,"column":58},"end":{"line":81,"column":59}},"loc":{"start":{"line":81,"column":63},"end":{"line":81,"column":90}}},"11":{"name":"(anonymous_11)","decl":{"start":{"line":82,"column":69},"end":{"line":82,"column":70}},"loc":{"start":{"line":82,"column":75},"end":{"line":86,"column":10}}},"12":{"name":"(anonymous_12)","decl":{"start":{"line":94,"column":22},"end":{"line":94,"column":26}},"loc":{"start":{"line":94,"column":30},"end":{"line":94,"column":59}}},"13":{"name":"(anonymous_13)","decl":{"start":{"line":104,"column":44},"end":{"line":104,"column":null}},"loc":{"start":{"line":110,"column":21},"end":{"line":159,"column":1}}},"14":{"name":"(anonymous_14)","decl":{"start":{"line":118,"column":57},"end":{"line":118,"column":60}},"loc":{"start":{"line":119,"column":8},"end":{"line":119,"column":71}}},"15":{"name":"(anonymous_15)","decl":{"start":{"line":119,"column":23},"end":{"line":119,"column":30}},"loc":{"start":{"line":119,"column":34},"end":{"line":119,"column":70}}},"16":{"name":"(anonymous_16)","decl":{"start":{"line":130,"column":67},"end":{"line":130,"column":75}},"loc":{"start":{"line":130,"column":78},"end":{"line":134,"column":9}}},"17":{"name":"(anonymous_17)","decl":{"start":{"line":142,"column":12},"end":{"line":142,"column":13}},"loc":{"start":{"line":142,"column":17},"end":{"line":142,"column":65}}},"18":{"name":"(anonymous_18)","decl":{"start":{"line":145,"column":52},"end":{"line":145,"column":59}},"loc":{"start":{"line":145,"column":62},"end":{"line":149,"column":9}}}},"branchMap":{"0":{"loc":{"start":{"line":16,"column":4},"end":{"line":18,"column":5}},"type":"if","locations":[{"start":{"line":16,"column":4},"end":{"line":18,"column":5}}]},"1":{"loc":{"start":{"line":25,"column":4},"end":{"line":27,"column":5}},"type":"if","locations":[{"start":{"line":25,"column":4},"end":{"line":27,"column":5}}]},"2":{"loc":{"start":{"line":36,"column":4},"end":{"line":95,"column":5}},"type":"if","locations":[{"start":{"line":36,"column":4},"end":{"line":95,"column":5}},{"start":{"line":63,"column":11},"end":{"line":95,"column":5}}]},"3":{"loc":{"start":{"line":44,"column":12},"end":{"line":46,"column":13}},"type":"if","locations":[{"start":{"line":44,"column":12},"end":{"line":46,"column":13}}]},"4":{"loc":{"start":{"line":65,"column":8},"end":{"line":67,"column":9}},"type":"if","locations":[{"start":{"line":65,"column":8},"end":{"line":67,"column":9}}]},"5":{"loc":{"start":{"line":71,"column":8},"end":{"line":73,"column":9}},"type":"if","locations":[{"start":{"line":71,"column":8},"end":{"line":73,"column":9}}]},"6":{"loc":{"start":{"line":77,"column":8},"end":{"line":79,"column":9}},"type":"if","locations":[{"start":{"line":77,"column":8},"end":{"line":79,"column":9}}]},"7":{"loc":{"start":{"line":126,"column":8},"end":{"line":128,"column":9}},"type":"if","locations":[{"start":{"line":126,"column":8},"end":{"line":128,"column":9}}]},"8":{"loc":{"start":{"line":133,"column":19},"end":{"line":133,"column":99}},"type":"binary-expr","locations":[{"start":{"line":133,"column":19},"end":{"line":133,"column":59}},{"start":{"line":133,"column":63},"end":{"line":133,"column":99}}]},"9":{"loc":{"start":{"line":136,"column":8},"end":{"line":138,"column":9}},"type":"if","locations":[{"start":{"line":136,"column":8},"end":{"line":138,"column":9}}]},"10":{"loc":{"start":{"line":142,"column":17},"end":{"line":142,"column":65}},"type":"binary-expr","locations":[{"start":{"line":142,"column":17},"end":{"line":142,"column":40}},{"start":{"line":142,"column":44},"end":{"line":142,"column":65}}]},"11":{"loc":{"start":{"line":148,"column":19},"end":{"line":148,"column":95}},"type":"binary-expr","locations":[{"start":{"line":148,"column":19},"end":{"line":148,"column":55}},{"start":{"line":148,"column":59},"end":{"line":148,"column":95}}]},"12":{"loc":{"start":{"line":152,"column":8},"end":{"line":154,"column":9}},"type":"if","locations":[{"start":{"line":152,"column":8},"end":{"line":154,"column":9}}]}},"s":{"0":1,"1":1,"2":5,"3":5,"4":5,"5":0,"6":5,"7":5,"8":5,"9":2,"10":3,"11":3,"12":1,"13":3,"14":3,"15":1,"16":3,"17":3,"18":1,"19":2,"20":2,"21":0,"22":2,"23":0,"24":2,"25":0,"26":2,"27":2,"28":22,"29":2,"30":3,"31":2,"32":0,"33":2,"34":2,"35":2,"36":1,"37":1,"38":1,"39":0,"40":1,"41":1,"42":1,"43":1,"44":1,"45":1,"46":16,"47":2,"48":1,"49":1,"50":7,"51":7,"52":7,"53":7,"54":7,"55":7,"56":21,"57":21,"58":7,"59":12,"60":12,"61":0,"62":12,"63":14,"64":14,"65":14,"66":12,"67":3,"68":9,"69":7,"70":9,"71":4,"72":4,"73":4,"74":9,"75":5,"76":2,"77":1},"f":{"0":5,"1":5,"2":1,"3":3,"4":3,"5":0,"6":0,"7":22,"8":3,"9":2,"10":1,"11":1,"12":16,"13":7,"14":21,"15":21,"16":14,"17":7,"18":4},"b":{"0":[0],"1":[2],"2":[1,2],"3":[0],"4":[0],"5":[1],"6":[0],"7":[0],"8":[14,12],"9":[3],"10":[7,4],"11":[4,4],"12":[5]}}
,"C:\\Users\\mathi\\Desktop\\sistema-de-turnos\\services\\imageStorage.ts": {"path":"C:\\Users\\mathi\\Desktop\\sistema-de-turnos\\services\\imageStorage.ts","statementMap":{"0":{"start":{"line":2,"column":0},"end":{"line":2,"column":58}},"1":{"start":{"line":3,"column":0},"end":{"line":3,"column":49}},"2":{"start":{"line":18,"column":19},"end":{"line":18,"column":47}},"3":{"start":{"line":19,"column":19},"end":{"line":19,"column":59}},"4":{"start":{"line":39,"column":4},"end":{"line":96,"column":5}},"5":{"start":{"line":41,"column":6},"end":{"line":44,"column":7}},"6":{"start":{"line":42,"column":8},"end":{"line":42,"column":43}},"7":{"start":{"line":43,"column":8},"end":{"line":43,"column":68}},"8":{"start":{"line":46,"column":26},"end":{"line":46,"column":49}},"9":{"start":{"line":49,"column":29},"end":{"line":49,"column":81}},"10":{"start":{"line":52,"column":6},"end":{"line":58,"column":7}},"11":{"start":{"line":53,"column":8},"end":{"line":57,"column":10}},"12":{"start":{"line":61,"column":22},"end":{"line":61,"column":48}},"13":{"start":{"line":64,"column":6},"end":{"line":74,"column":7}},"14":{"start":{"line":65,"column":8},"end":{"line":65,"column":62}},"15":{"start":{"line":67,"column":8},"end":{"line":72,"column":9}},"16":{"start":{"line":68,"column":10},"end":{"line":71,"column":12}},"17":{"start":{"line":73,"column":8},"end":{"line":73,"column":16}},"18":{"start":{"line":77,"column":6},"end":{"line":77,"column":31}},"19":{"start":{"line":80,"column":6},"end":{"line":87,"column":8}},"20":{"start":{"line":90,"column":6},"end":{"line":95,"column":8}},"21":{"start":{"line":107,"column":4},"end":{"line":109,"column":5}},"22":{"start":{"line":108,"column":6},"end":{"line":108,"column":42}},"23":{"start":{"line":124,"column":4},"end":{"line":127,"column":5}},"24":{"start":{"line":125,"column":21},"end":{"line":125,"column":53}},"25":{"start":{"line":126,"column":6},"end":{"line":126,"column":26}},"26":{"start":{"line":130,"column":4},"end":{"line":130,"column":22}},"27":{"start":{"line":143,"column":22},"end":{"line":143,"column":32}},"28":{"start":{"line":144,"column":19},"end":{"line":144,"column":61}},"29":{"start":{"line":145,"column":4},"end":{"line":145,"column":70}},"30":{"start":{"line":159,"column":20},"end":{"line":159,"column":21}},"31":{"start":{"line":160,"column":4},"end":{"line":166,"column":5}},"32":{"start":{"line":160,"column":17},"end":{"line":160,"column":18}},"33":{"start":{"line":161,"column":18},"end":{"line":161,"column":37}},"34":{"start":{"line":162,"column":6},"end":{"line":165,"column":7}},"35":{"start":{"line":163,"column":22},"end":{"line":163,"column":47}},"36":{"start":{"line":164,"column":8},"end":{"line":164,"column":42}},"37":{"start":{"line":168,"column":28},"end":{"line":168,"column":43}},"38":{"start":{"line":169,"column":22},"end":{"line":169,"column":49}},"39":{"start":{"line":171,"column":4},"end":{"line":175,"column":5}},"40":{"start":{"line":172,"column":6},"end":{"line":174,"column":8}},"41":{"start":{"line":191,"column":13},"end":{"line":191,"column":80}},"42":{"start":{"line":194,"column":0},"end":{"line":194,"column":9}},"43":{"start":{"line":194,"column":9},"end":{"line":194,"column":49}}},"fnMap":{"0":{"name":"(anonymous_0)","decl":{"start":{"line":17,"column":0},"end":{"line":17,"column":6}},"loc":{"start":{"line":17,"column":0},"end":{"line":177,"column":1}}},"1":{"name":"(anonymous_1)","decl":{"start":{"line":38,"column":2},"end":{"line":38,"column":7}},"loc":{"start":{"line":38,"column":68},"end":{"line":97,"column":3}}},"2":{"name":"(anonymous_2)","decl":{"start":{"line":105,"column":2},"end":{"line":105,"column":7}},"loc":{"start":{"line":105,"column":38},"end":{"line":111,"column":3}}},"3":{"name":"(anonymous_3)","decl":{"start":{"line":122,"column":2},"end":{"line":122,"column":13}},"loc":{"start":{"line":122,"column":32},"end":{"line":131,"column":3}}},"4":{"name":"(anonymous_4)","decl":{"start":{"line":142,"column":10},"end":{"line":142,"column":25}},"loc":{"start":{"line":142,"column":41},"end":{"line":146,"column":3}}},"5":{"name":"(anonymous_5)","decl":{"start":{"line":158,"column":10},"end":{"line":158,"column":27}},"loc":{"start":{"line":158,"column":27},"end":{"line":176,"column":3}}},"6":{"name":"(anonymous_6)","decl":{"start":{"line":194,"column":9},"end":{"line":194,"column":26}},"loc":{"start":{"line":194,"column":9},"end":{"line":194,"column":49}}}},"branchMap":{"0":{"loc":{"start":{"line":41,"column":6},"end":{"line":44,"column":7}},"type":"if","locations":[{"start":{"line":41,"column":6},"end":{"line":44,"column":7}}]},"1":{"loc":{"start":{"line":52,"column":6},"end":{"line":58,"column":7}},"type":"if","locations":[{"start":{"line":52,"column":6},"end":{"line":58,"column":7}}]},"2":{"loc":{"start":{"line":67,"column":8},"end":{"line":72,"column":9}},"type":"if","locations":[{"start":{"line":67,"column":8},"end":{"line":72,"column":9}}]},"3":{"loc":{"start":{"line":67,"column":12},"end":{"line":67,"column":72}},"type":"binary-expr","locations":[{"start":{"line":67,"column":12},"end":{"line":67,"column":37}},{"start":{"line":67,"column":41},"end":{"line":67,"column":72}}]},"4":{"loc":{"start":{"line":94,"column":15},"end":{"line":94,"column":94}},"type":"cond-expr","locations":[{"start":{"line":94,"column":40},"end":{"line":94,"column":53}},{"start":{"line":94,"column":56},"end":{"line":94,"column":94}}]},"5":{"loc":{"start":{"line":107,"column":4},"end":{"line":109,"column":5}},"type":"if","locations":[{"start":{"line":107,"column":4},"end":{"line":109,"column":5}}]},"6":{"loc":{"start":{"line":124,"column":4},"end":{"line":127,"column":5}},"type":"if","locations":[{"start":{"line":124,"column":4},"end":{"line":127,"column":5}}]},"7":{"loc":{"start":{"line":126,"column":13},"end":{"line":126,"column":25}},"type":"binary-expr","locations":[{"start":{"line":126,"column":13},"end":{"line":126,"column":19}},{"start":{"line":126,"column":23},"end":{"line":126,"column":25}}]},"8":{"loc":{"start":{"line":162,"column":6},"end":{"line":165,"column":7}},"type":"if","locations":[{"start":{"line":162,"column":6},"end":{"line":165,"column":7}}]},"9":{"loc":{"start":{"line":164,"column":22},"end":{"line":164,"column":40}},"type":"binary-expr","locations":[{"start":{"line":164,"column":22},"end":{"line":164,"column":35}},{"start":{"line":164,"column":39},"end":{"line":164,"column":40}}]},"10":{"loc":{"start":{"line":171,"column":4},"end":{"line":175,"column":5}},"type":"if","locations":[{"start":{"line":171,"column":4},"end":{"line":175,"column":5}}]}},"s":{"0":1,"1":1,"2":1,"3":1,"4":7,"5":7,"6":1,"7":1,"8":7,"9":7,"10":6,"11":1,"12":5,"13":5,"14":5,"15":0,"16":0,"17":0,"18":5,"19":5,"20":2,"21":3,"22":2,"23":2,"24":1,"25":1,"26":1,"27":5,"28":5,"29":5,"30":5,"31":5,"32":5,"33":5,"34":5,"35":5,"36":5,"37":5,"38":5,"39":5,"40":0,"41":1,"42":1,"43":1},"f":{"0":1,"1":7,"2":3,"3":2,"4":5,"5":5,"6":0},"b":{"0":[1],"1":[1],"2":[0],"3":[0,0],"4":[2,0],"5":[2],"6":[1],"7":[1,0],"8":[5],"9":[5,0],"10":[0]}}
,"C:\\Users\\mathi\\Desktop\\sistema-de-turnos\\services\\mockBackend.ts": {"path":"C:\\Users\\mathi\\Desktop\\sistema-de-turnos\\services\\mockBackend.ts","statementMap":{"0":{"start":{"line":2,"column":0},"end":{"line":2,"column":58}},"1":{"start":{"line":3,"column":0},"end":{"line":3,"column":53}},"2":{"start":{"line":5,"column":29},"end":{"line":5,"column":43}},"3":{"start":{"line":8,"column":22},"end":{"line":8,"column":33}},"4":{"start":{"line":11,"column":4},"end":{"line":20,"column":5}},"5":{"start":{"line":12,"column":27},"end":{"line":12,"column":69}},"6":{"start":{"line":13,"column":8},"end":{"line":17,"column":9}},"7":{"start":{"line":14,"column":31},"end":{"line":14,"column":53}},"8":{"start":{"line":16,"column":12},"end":{"line":16,"column":63}},"9":{"start":{"line":19,"column":8},"end":{"line":19,"column":80}},"10":{"start":{"line":22,"column":4},"end":{"line":22,"column":33}},"11":{"start":{"line":26,"column":4},"end":{"line":30,"column":5}},"12":{"start":{"line":27,"column":8},"end":{"line":27,"column":73}},"13":{"start":{"line":29,"column":8},"end":{"line":29,"column":77}},"14":{"start":{"line":35,"column":13},"end":{"line":202,"column":2}},"15":{"start":{"line":37,"column":8},"end":{"line":37,"column":63}},"16":{"start":{"line":37,"column":37},"end":{"line":37,"column":61}},"17":{"start":{"line":38,"column":8},"end":{"line":38,"column":21}},"18":{"start":{"line":42,"column":8},"end":{"line":42,"column":63}},"19":{"start":{"line":42,"column":37},"end":{"line":42,"column":61}},"20":{"start":{"line":46,"column":8},"end":{"line":59,"column":9}},"21":{"start":{"line":47,"column":12},"end":{"line":58,"column":13}},"22":{"start":{"line":49,"column":16},"end":{"line":53,"column":17}},"23":{"start":{"line":50,"column":20},"end":{"line":52,"column":21}},"24":{"start":{"line":51,"column":24},"end":{"line":51,"column":112}},"25":{"start":{"line":55,"column":16},"end":{"line":57,"column":17}},"26":{"start":{"line":56,"column":20},"end":{"line":56,"column":96}},"27":{"start":{"line":62,"column":28},"end":{"line":63,"column":null}},"28":{"start":{"line":63,"column":12},"end":{"line":63,"column":137}},"29":{"start":{"line":66,"column":8},"end":{"line":94,"column":9}},"30":{"start":{"line":67,"column":26},"end":{"line":67,"column":64}},"31":{"start":{"line":68,"column":35},"end":{"line":68,"column":78}},"32":{"start":{"line":68,"column":62},"end":{"line":68,"column":77}},"33":{"start":{"line":70,"column":12},"end":{"line":93,"column":13}},"34":{"start":{"line":71,"column":33},"end":{"line":71,"column":124}},"35":{"start":{"line":72,"column":39},"end":{"line":72,"column":120}},"36":{"start":{"line":72,"column":66},"end":{"line":72,"column":119}},"37":{"start":{"line":74,"column":16},"end":{"line":74,"column":58}},"38":{"start":{"line":74,"column":49},"end":{"line":74,"column":58}},"39":{"start":{"line":76,"column":36},"end":{"line":76,"column":81}},"40":{"start":{"line":78,"column":16},"end":{"line":92,"column":17}},"41":{"start":{"line":79,"column":20},"end":{"line":81,"column":21}},"42":{"start":{"line":80,"column":24},"end":{"line":80,"column":124}},"43":{"start":{"line":82,"column":41},"end":{"line":82,"column":85}},"44":{"start":{"line":83,"column":39},"end":{"line":83,"column":81}},"45":{"start":{"line":84,"column":43},"end":{"line":88,"column":22}},"46":{"start":{"line":85,"column":46},"end":{"line":85,"column":90}},"47":{"start":{"line":86,"column":44},"end":{"line":86,"column":89}},"48":{"start":{"line":87,"column":24},"end":{"line":87,"column":90}},"49":{"start":{"line":89,"column":20},"end":{"line":91,"column":21}},"50":{"start":{"line":90,"column":24},"end":{"line":90,"column":185}},"51":{"start":{"line":96,"column":8},"end":{"line":96,"column":41}},"52":{"start":{"line":97,"column":8},"end":{"line":97,"column":25}},"53":{"start":{"line":98,"column":8},"end":{"line":98,"column":21}},"54":{"start":{"line":102,"column":8},"end":{"line":102,"column":63}},"55":{"start":{"line":102,"column":37},"end":{"line":102,"column":61}},"56":{"start":{"line":103,"column":8},"end":{"line":103,"column":77}},"57":{"start":{"line":103,"column":48},"end":{"line":103,"column":75}},"58":{"start":{"line":107,"column":8},"end":{"line":107,"column":63}},"59":{"start":{"line":107,"column":37},"end":{"line":107,"column":61}},"60":{"start":{"line":108,"column":36},"end":{"line":111,"column":10}},"61":{"start":{"line":112,"column":29},"end":{"line":112,"column":84}},"62":{"start":{"line":113,"column":8},"end":{"line":113,"column":29}},"63":{"start":{"line":114,"column":8},"end":{"line":114,"column":25}},"64":{"start":{"line":115,"column":8},"end":{"line":115,"column":21}},"65":{"start":{"line":119,"column":8},"end":{"line":119,"column":63}},"66":{"start":{"line":119,"column":37},"end":{"line":119,"column":61}},"67":{"start":{"line":120,"column":29},"end":{"line":120,"column":125}},"68":{"start":{"line":120,"column":75},"end":{"line":120,"column":122}},"69":{"start":{"line":121,"column":8},"end":{"line":121,"column":29}},"70":{"start":{"line":122,"column":8},"end":{"line":122,"column":25}},"71":{"start":{"line":123,"column":8},"end":{"line":123,"column":21}},"72":{"start":{"line":127,"column":8},"end":{"line":127,"column":63}},"73":{"start":{"line":127,"column":37},"end":{"line":127,"column":61}},"74":{"start":{"line":128,"column":29},"end":{"line":128,"column":99}},"75":{"start":{"line":128,"column":78},"end":{"line":128,"column":96}},"76":{"start":{"line":129,"column":8},"end":{"line":129,"column":29}},"77":{"start":{"line":130,"column":8},"end":{"line":130,"column":25}},"78":{"start":{"line":131,"column":8},"end":{"line":131,"column":21}},"79":{"start":{"line":135,"column":8},"end":{"line":135,"column":63}},"80":{"start":{"line":135,"column":37},"end":{"line":135,"column":61}},"81":{"start":{"line":136,"column":29},"end":{"line":136,"column":84}},"82":{"start":{"line":137,"column":8},"end":{"line":137,"column":29}},"83":{"start":{"line":138,"column":8},"end":{"line":138,"column":25}},"84":{"start":{"line":139,"column":8},"end":{"line":139,"column":21}},"85":{"start":{"line":143,"column":8},"end":{"line":143,"column":63}},"86":{"start":{"line":143,"column":37},"end":{"line":143,"column":61}},"87":{"start":{"line":144,"column":29},"end":{"line":144,"column":135}},"88":{"start":{"line":144,"column":79},"end":{"line":144,"column":132}},"89":{"start":{"line":145,"column":8},"end":{"line":145,"column":29}},"90":{"start":{"line":146,"column":8},"end":{"line":146,"column":25}},"91":{"start":{"line":147,"column":8},"end":{"line":147,"column":21}},"92":{"start":{"line":151,"column":8},"end":{"line":151,"column":63}},"93":{"start":{"line":151,"column":37},"end":{"line":151,"column":61}},"94":{"start":{"line":152,"column":22},"end":{"line":152,"column":60}},"95":{"start":{"line":153,"column":34},"end":{"line":153,"column":106}},"96":{"start":{"line":153,"column":59},"end":{"line":153,"column":105}},"97":{"start":{"line":154,"column":8},"end":{"line":156,"column":9}},"98":{"start":{"line":155,"column":12},"end":{"line":155,"column":95}},"99":{"start":{"line":157,"column":29},"end":{"line":164,"column":10}},"100":{"start":{"line":159,"column":53},"end":{"line":159,"column":74}},"101":{"start":{"line":160,"column":53},"end":{"line":163,"column":14}},"102":{"start":{"line":162,"column":62},"end":{"line":162,"column":79}},"103":{"start":{"line":165,"column":8},"end":{"line":165,"column":29}},"104":{"start":{"line":166,"column":8},"end":{"line":166,"column":25}},"105":{"start":{"line":167,"column":8},"end":{"line":167,"column":21}},"106":{"start":{"line":171,"column":8},"end":{"line":171,"column":63}},"107":{"start":{"line":171,"column":37},"end":{"line":171,"column":61}},"108":{"start":{"line":172,"column":29},"end":{"line":172,"column":81}},"109":{"start":{"line":173,"column":8},"end":{"line":173,"column":29}},"110":{"start":{"line":174,"column":8},"end":{"line":174,"column":25}},"111":{"start":{"line":175,"column":8},"end":{"line":175,"column":21}},"112":{"start":{"line":179,"column":8},"end":{"line":179,"column":63}},"113":{"start":{"line":179,"column":37},"end":{"line":179,"column":61}},"114":{"start":{"line":180,"column":29},"end":{"line":180,"column":125}},"115":{"start":{"line":180,"column":75},"end":{"line":180,"column":122}},"116":{"start":{"line":181,"column":8},"end":{"line":181,"column":29}},"117":{"start":{"line":182,"column":8},"end":{"line":182,"column":25}},"118":{"start":{"line":183,"column":8},"end":{"line":183,"column":21}},"119":{"start":{"line":187,"column":8},"end":{"line":187,"column":63}},"120":{"start":{"line":187,"column":37},"end":{"line":187,"column":61}},"121":{"start":{"line":188,"column":22},"end":{"line":188,"column":60}},"122":{"start":{"line":189,"column":34},"end":{"line":189,"column":119}},"123":{"start":{"line":189,"column":59},"end":{"line":189,"column":118}},"124":{"start":{"line":189,"column":99},"end":{"line":189,"column":117}},"125":{"start":{"line":190,"column":8},"end":{"line":192,"column":9}},"126":{"start":{"line":191,"column":12},"end":{"line":191,"column":95}},"127":{"start":{"line":193,"column":29},"end":{"line":193,"column":99}},"128":{"start":{"line":193,"column":78},"end":{"line":193,"column":96}},"129":{"start":{"line":194,"column":8},"end":{"line":194,"column":29}},"130":{"start":{"line":195,"column":8},"end":{"line":195,"column":25}},"131":{"start":{"line":196,"column":8},"end":{"line":196,"column":21}},"132":{"start":{"line":200,"column":8},"end":{"line":200,"column":28}}},"fnMap":{"0":{"name":"loadState","decl":{"start":{"line":10,"column":9},"end":{"line":10,"column":18}},"loc":{"start":{"line":10,"column":18},"end":{"line":23,"column":1}}},"1":{"name":"saveState","decl":{"start":{"line":25,"column":9},"end":{"line":25,"column":18}},"loc":{"start":{"line":25,"column":33},"end":{"line":31,"column":1}}},"2":{"name":"(anonymous_2)","decl":{"start":{"line":36,"column":21},"end":{"line":36,"column":26}},"loc":{"start":{"line":36,"column":51},"end":{"line":39,"column":5}}},"3":{"name":"(anonymous_3)","decl":{"start":{"line":37,"column":26},"end":{"line":37,"column":33}},"loc":{"start":{"line":37,"column":37},"end":{"line":37,"column":61}}},"4":{"name":"(anonymous_4)","decl":{"start":{"line":41,"column":24},"end":{"line":41,"column":29}},"loc":{"start":{"line":41,"column":71},"end":{"line":99,"column":5}}},"5":{"name":"(anonymous_5)","decl":{"start":{"line":42,"column":26},"end":{"line":42,"column":33}},"loc":{"start":{"line":42,"column":37},"end":{"line":42,"column":61}}},"6":{"name":"(anonymous_6)","decl":{"start":{"line":62,"column":62},"end":{"line":62,"column":65}},"loc":{"start":{"line":63,"column":12},"end":{"line":63,"column":137}}},"7":{"name":"(anonymous_7)","decl":{"start":{"line":68,"column":57},"end":{"line":68,"column":58}},"loc":{"start":{"line":68,"column":62},"end":{"line":68,"column":77}}},"8":{"name":"(anonymous_8)","decl":{"start":{"line":72,"column":61},"end":{"line":72,"column":62}},"loc":{"start":{"line":72,"column":66},"end":{"line":72,"column":119}}},"9":{"name":"(anonymous_9)","decl":{"start":{"line":84,"column":70},"end":{"line":84,"column":78}},"loc":{"start":{"line":84,"column":81},"end":{"line":88,"column":21}}},"10":{"name":"(anonymous_10)","decl":{"start":{"line":101,"column":24},"end":{"line":101,"column":29}},"loc":{"start":{"line":101,"column":73},"end":{"line":104,"column":5}}},"11":{"name":"(anonymous_11)","decl":{"start":{"line":102,"column":26},"end":{"line":102,"column":33}},"loc":{"start":{"line":102,"column":37},"end":{"line":102,"column":61}}},"12":{"name":"(anonymous_12)","decl":{"start":{"line":103,"column":37},"end":{"line":103,"column":44}},"loc":{"start":{"line":103,"column":48},"end":{"line":103,"column":75}}},"13":{"name":"(anonymous_13)","decl":{"start":{"line":106,"column":19},"end":{"line":106,"column":24}},"loc":{"start":{"line":106,"column":84},"end":{"line":116,"column":5}}},"14":{"name":"(anonymous_14)","decl":{"start":{"line":107,"column":26},"end":{"line":107,"column":33}},"loc":{"start":{"line":107,"column":37},"end":{"line":107,"column":61}}},"15":{"name":"(anonymous_15)","decl":{"start":{"line":118,"column":19},"end":{"line":118,"column":24}},"loc":{"start":{"line":118,"column":72},"end":{"line":124,"column":5}}},"16":{"name":"(anonymous_16)","decl":{"start":{"line":119,"column":26},"end":{"line":119,"column":33}},"loc":{"start":{"line":119,"column":37},"end":{"line":119,"column":61}}},"17":{"name":"(anonymous_17)","decl":{"start":{"line":120,"column":70},"end":{"line":120,"column":71}},"loc":{"start":{"line":120,"column":75},"end":{"line":120,"column":122}}},"18":{"name":"(anonymous_18)","decl":{"start":{"line":126,"column":19},"end":{"line":126,"column":24}},"loc":{"start":{"line":126,"column":66},"end":{"line":132,"column":5}}},"19":{"name":"(anonymous_19)","decl":{"start":{"line":127,"column":26},"end":{"line":127,"column":33}},"loc":{"start":{"line":127,"column":37},"end":{"line":127,"column":61}}},"20":{"name":"(anonymous_20)","decl":{"start":{"line":128,"column":73},"end":{"line":128,"column":74}},"loc":{"start":{"line":128,"column":78},"end":{"line":128,"column":96}}},"21":{"name":"(anonymous_21)","decl":{"start":{"line":134,"column":17},"end":{"line":134,"column":22}},"loc":{"start":{"line":134,"column":65},"end":{"line":140,"column":5}}},"22":{"name":"(anonymous_22)","decl":{"start":{"line":135,"column":26},"end":{"line":135,"column":33}},"loc":{"start":{"line":135,"column":37},"end":{"line":135,"column":61}}},"23":{"name":"(anonymous_23)","decl":{"start":{"line":142,"column":20},"end":{"line":142,"column":25}},"loc":{"start":{"line":142,"column":75},"end":{"line":148,"column":5}}},"24":{"name":"(anonymous_24)","decl":{"start":{"line":143,"column":26},"end":{"line":143,"column":33}},"loc":{"start":{"line":143,"column":37},"end":{"line":143,"column":61}}},"25":{"name":"(anonymous_25)","decl":{"start":{"line":144,"column":72},"end":{"line":144,"column":75}},"loc":{"start":{"line":144,"column":79},"end":{"line":144,"column":132}}},"26":{"name":"(anonymous_26)","decl":{"start":{"line":150,"column":20},"end":{"line":150,"column":25}},"loc":{"start":{"line":150,"column":68},"end":{"line":168,"column":5}}},"27":{"name":"(anonymous_27)","decl":{"start":{"line":151,"column":26},"end":{"line":151,"column":33}},"loc":{"start":{"line":151,"column":37},"end":{"line":151,"column":61}}},"28":{"name":"(anonymous_28)","decl":{"start":{"line":153,"column":54},"end":{"line":153,"column":55}},"loc":{"start":{"line":153,"column":59},"end":{"line":153,"column":105}}},"29":{"name":"(anonymous_29)","decl":{"start":{"line":159,"column":46},"end":{"line":159,"column":49}},"loc":{"start":{"line":159,"column":53},"end":{"line":159,"column":74}}},"30":{"name":"(anonymous_30)","decl":{"start":{"line":160,"column":41},"end":{"line":160,"column":48}},"loc":{"start":{"line":160,"column":53},"end":{"line":163,"column":14}}},"31":{"name":"(anonymous_31)","decl":{"start":{"line":162,"column":56},"end":{"line":162,"column":58}},"loc":{"start":{"line":162,"column":62},"end":{"line":162,"column":79}}},"32":{"name":"(anonymous_32)","decl":{"start":{"line":170,"column":16},"end":{"line":170,"column":21}},"loc":{"start":{"line":170,"column":62},"end":{"line":176,"column":5}}},"33":{"name":"(anonymous_33)","decl":{"start":{"line":171,"column":26},"end":{"line":171,"column":33}},"loc":{"start":{"line":171,"column":37},"end":{"line":171,"column":61}}},"34":{"name":"(anonymous_34)","decl":{"start":{"line":178,"column":19},"end":{"line":178,"column":24}},"loc":{"start":{"line":178,"column":72},"end":{"line":184,"column":5}}},"35":{"name":"(anonymous_35)","decl":{"start":{"line":179,"column":26},"end":{"line":179,"column":33}},"loc":{"start":{"line":179,"column":37},"end":{"line":179,"column":61}}},"36":{"name":"(anonymous_36)","decl":{"start":{"line":180,"column":70},"end":{"line":180,"column":71}},"loc":{"start":{"line":180,"column":75},"end":{"line":180,"column":122}}},"37":{"name":"(anonymous_37)","decl":{"start":{"line":186,"column":19},"end":{"line":186,"column":24}},"loc":{"start":{"line":186,"column":66},"end":{"line":197,"column":5}}},"38":{"name":"(anonymous_38)","decl":{"start":{"line":187,"column":26},"end":{"line":187,"column":33}},"loc":{"start":{"line":187,"column":37},"end":{"line":187,"column":61}}},"39":{"name":"(anonymous_39)","decl":{"start":{"line":189,"column":54},"end":{"line":189,"column":55}},"loc":{"start":{"line":189,"column":59},"end":{"line":189,"column":118}}},"40":{"name":"(anonymous_40)","decl":{"start":{"line":189,"column":94},"end":{"line":189,"column":95}},"loc":{"start":{"line":189,"column":99},"end":{"line":189,"column":117}}},"41":{"name":"(anonymous_41)","decl":{"start":{"line":193,"column":73},"end":{"line":193,"column":74}},"loc":{"start":{"line":193,"column":78},"end":{"line":193,"column":96}}},"42":{"name":"(anonymous_42)","decl":{"start":{"line":199,"column":22},"end":{"line":199,"column":25}},"loc":{"start":{"line":199,"column":27},"end":{"line":201,"column":5}}}},"branchMap":{"0":{"loc":{"start":{"line":13,"column":8},"end":{"line":17,"column":9}},"type":"if","locations":[{"start":{"line":13,"column":8},"end":{"line":17,"column":9}}]},"1":{"loc":{"start":{"line":47,"column":12},"end":{"line":58,"column":13}},"type":"if","locations":[{"start":{"line":47,"column":12},"end":{"line":58,"column":13}}]},"2":{"loc":{"start":{"line":50,"column":20},"end":{"line":52,"column":21}},"type":"if","locations":[{"start":{"line":50,"column":20},"end":{"line":52,"column":21}}]},"3":{"loc":{"start":{"line":50,"column":24},"end":{"line":50,"column":92}},"type":"binary-expr","locations":[{"start":{"line":50,"column":24},"end":{"line":50,"column":38}},{"start":{"line":50,"column":42},"end":{"line":50,"column":57}},{"start":{"line":50,"column":61},"end":{"line":50,"column":92}}]},"4":{"loc":{"start":{"line":55,"column":16},"end":{"line":57,"column":17}},"type":"if","locations":[{"start":{"line":55,"column":16},"end":{"line":57,"column":17}}]},"5":{"loc":{"start":{"line":66,"column":8},"end":{"line":94,"column":9}},"type":"if","locations":[{"start":{"line":66,"column":8},"end":{"line":94,"column":9}}]},"6":{"loc":{"start":{"line":74,"column":16},"end":{"line":74,"column":58}},"type":"if","locations":[{"start":{"line":74,"column":16},"end":{"line":74,"column":58}}]},"7":{"loc":{"start":{"line":79,"column":20},"end":{"line":81,"column":21}},"type":"if","locations":[{"start":{"line":79,"column":20},"end":{"line":81,"column":21}}]},"8":{"loc":{"start":{"line":87,"column":31},"end":{"line":87,"column":89}},"type":"binary-expr","locations":[{"start":{"line":87,"column":31},"end":{"line":87,"column":60}},{"start":{"line":87,"column":64},"end":{"line":87,"column":89}}]},"9":{"loc":{"start":{"line":89,"column":20},"end":{"line":91,"column":21}},"type":"if","locations":[{"start":{"line":89,"column":20},"end":{"line":91,"column":21}}]},"10":{"loc":{"start":{"line":120,"column":75},"end":{"line":120,"column":122}},"type":"cond-expr","locations":[{"start":{"line":120,"column":104},"end":{"line":120,"column":118}},{"start":{"line":120,"column":121},"end":{"line":120,"column":122}}]},"11":{"loc":{"start":{"line":144,"column":79},"end":{"line":144,"column":132}},"type":"cond-expr","locations":[{"start":{"line":144,"column":111},"end":{"line":144,"column":126}},{"start":{"line":144,"column":129},"end":{"line":144,"column":132}}]},"12":{"loc":{"start":{"line":153,"column":59},"end":{"line":153,"column":105}},"type":"binary-expr","locations":[{"start":{"line":153,"column":59},"end":{"line":153,"column":86}},{"start":{"line":153,"column":90},"end":{"line":153,"column":105}}]},"13":{"loc":{"start":{"line":154,"column":8},"end":{"line":156,"column":9}},"type":"if","locations":[{"start":{"line":154,"column":8},"end":{"line":156,"column":9}}]},"14":{"loc":{"start":{"line":180,"column":75},"end":{"line":180,"column":122}},"type":"cond-expr","locations":[{"start":{"line":180,"column":104},"end":{"line":180,"column":118}},{"start":{"line":180,"column":121},"end":{"line":180,"column":122}}]},"15":{"loc":{"start":{"line":189,"column":59},"end":{"line":189,"column":118}},"type":"binary-expr","locations":[{"start":{"line":189,"column":59},"end":{"line":189,"column":74}},{"start":{"line":189,"column":78},"end":{"line":189,"column":118}}]},"16":{"loc":{"start":{"line":190,"column":8},"end":{"line":192,"column":9}},"type":"if","locations":[{"start":{"line":190,"column":8},"end":{"line":192,"column":9}}]}},"s":{"0":2,"1":2,"2":2,"3":2,"4":27,"5":27,"6":27,"7":25,"8":25,"9":0,"10":2,"11":0,"12":0,"13":0,"14":2,"15":0,"16":0,"17":0,"18":3,"19":3,"20":3,"21":10,"22":9,"23":10,"24":1,"25":8,"26":1,"27":1,"28":7,"29":1,"30":1,"31":1,"32":1,"33":1,"34":1,"35":1,"36":1,"37":1,"38":0,"39":1,"40":1,"41":1,"42":0,"43":1,"44":1,"45":1,"46":1,"47":1,"48":1,"49":1,"50":1,"51":0,"52":0,"53":0,"54":0,"55":0,"56":0,"57":0,"58":0,"59":0,"60":0,"61":0,"62":0,"63":0,"64":0,"65":0,"66":0,"67":0,"68":0,"69":0,"70":0,"71":0,"72":0,"73":0,"74":0,"75":0,"76":0,"77":0,"78":0,"79":0,"80":0,"81":0,"82":0,"83":0,"84":0,"85":0,"86":0,"87":0,"88":0,"89":0,"90":0,"91":0,"92":1,"93":1,"94":1,"95":1,"96":1,"97":1,"98":1,"99":0,"100":0,"101":0,"102":0,"103":0,"104":0,"105":0,"106":0,"107":0,"108":0,"109":0,"110":0,"111":0,"112":0,"113":0,"114":0,"115":0,"116":0,"117":0,"118":0,"119":1,"120":1,"121":1,"122":1,"123":1,"124":1,"125":1,"126":1,"127":0,"128":0,"129":0,"130":0,"131":0,"132":25},"f":{"0":27,"1":0,"2":0,"3":0,"4":3,"5":3,"6":7,"7":1,"8":1,"9":1,"10":0,"11":0,"12":0,"13":0,"14":0,"15":0,"16":0,"17":0,"18":0,"19":0,"20":0,"21":0,"22":0,"23":0,"24":0,"25":0,"26":1,"27":1,"28":1,"29":0,"30":0,"31":0,"32":0,"33":0,"34":0,"35":0,"36":0,"37":1,"38":1,"39":1,"40":1,"41":0,"42":25},"b":{"0":[25],"1":[9],"2":[1],"3":[10,10,10],"4":[1],"5":[1],"6":[0],"7":[0],"8":[1,1],"9":[1],"10":[0,0],"11":[0,0],"12":[1,1],"13":[1],"14":[0,0],"15":[1,1],"16":[1]}}
,"C:\\Users\\mathi\\Desktop\\sistema-de-turnos\\services\\mockData.ts": {"path":"C:\\Users\\mathi\\Desktop\\sistema-de-turnos\\services\\mockData.ts","statementMap":{"0":{"start":{"line":4,"column":10},"end":{"line":8,"column":1}},"1":{"start":{"line":5,"column":17},"end":{"line":5,"column":27}},"2":{"start":{"line":6,"column":4},"end":{"line":6,"column":46}},"3":{"start":{"line":7,"column":4},"end":{"line":7,"column":44}},"4":{"start":{"line":10,"column":13},"end":{"line":69,"column":2}}},"fnMap":{"0":{"name":"(anonymous_0)","decl":{"start":{"line":4,"column":10},"end":{"line":4,"column":11}},"loc":{"start":{"line":4,"column":41},"end":{"line":8,"column":1}}}},"branchMap":{},"s":{"0":5,"1":20,"2":20,"3":20,"4":5},"f":{"0":20},"b":{}}
,"C:\\Users\\mathi\\Desktop\\sistema-de-turnos\\utils\\availability.ts": {"path":"C:\\Users\\mathi\\Desktop\\sistema-de-turnos\\utils\\availability.ts","statementMap":{"0":{"start":{"line":13,"column":36},"end":{"line":28,"column":1}},"1":{"start":{"line":18,"column":32},"end":{"line":18,"column":59}},"2":{"start":{"line":19,"column":27},"end":{"line":21,"column":29}},"3":{"start":{"line":23,"column":4},"end":{"line":25,"column":5}},"4":{"start":{"line":24,"column":8},"end":{"line":24,"column":20}},"5":{"start":{"line":27,"column":4},"end":{"line":27,"column":26}},"6":{"start":{"line":13,"column":13},"end":{"line":13,"column":36}},"7":{"start":{"line":55,"column":29},"end":{"line":58,"column":1}},"8":{"start":{"line":56,"column":29},"end":{"line":56,"column":59}},"9":{"start":{"line":57,"column":4},"end":{"line":57,"column":32}},"10":{"start":{"line":55,"column":13},"end":{"line":55,"column":29}},"11":{"start":{"line":65,"column":29},"end":{"line":69,"column":1}},"12":{"start":{"line":66,"column":18},"end":{"line":66,"column":47}},"13":{"start":{"line":67,"column":20},"end":{"line":67,"column":37}},"14":{"start":{"line":68,"column":4},"end":{"line":68,"column":83}},"15":{"start":{"line":65,"column":13},"end":{"line":65,"column":29}},"16":{"start":{"line":78,"column":41},"end":{"line":148,"column":1}},"17":{"start":{"line":84,"column":4},"end":{"line":86,"column":5}},"18":{"start":{"line":85,"column":8},"end":{"line":85,"column":18}},"19":{"start":{"line":88,"column":18},"end":{"line":88,"column":28}},"20":{"start":{"line":89,"column":18},"end":{"line":91,"column":51}},"21":{"start":{"line":92,"column":25},"end":{"line":92,"column":80}},"22":{"start":{"line":95,"column":31},"end":{"line":98,"column":7}},"23":{"start":{"line":95,"column":64},"end":{"line":98,"column":6}},"24":{"start":{"line":100,"column":40},"end":{"line":100,"column":42}},"25":{"start":{"line":101,"column":25},"end":{"line":101,"column":27}},"26":{"start":{"line":104,"column":4},"end":{"line":145,"column":7}},"27":{"start":{"line":105,"column":32},"end":{"line":105,"column":61}},"28":{"start":{"line":106,"column":29},"end":{"line":106,"column":59}},"29":{"start":{"line":109,"column":8},"end":{"line":144,"column":9}},"30":{"start":{"line":109,"column":32},"end":{"line":109,"column":47}},"31":{"start":{"line":114,"column":12},"end":{"line":116,"column":13}},"32":{"start":{"line":115,"column":16},"end":{"line":115,"column":25}},"33":{"start":{"line":119,"column":12},"end":{"line":121,"column":13}},"34":{"start":{"line":120,"column":16},"end":{"line":120,"column":25}},"35":{"start":{"line":123,"column":29},"end":{"line":123,"column":57}},"36":{"start":{"line":126,"column":12},"end":{"line":128,"column":13}},"37":{"start":{"line":127,"column":16},"end":{"line":127,"column":25}},"38":{"start":{"line":131,"column":34},"end":{"line":131,"column":39}},"39":{"start":{"line":132,"column":12},"end":{"line":139,"column":13}},"40":{"start":{"line":135,"column":16},"end":{"line":138,"column":17}},"41":{"start":{"line":136,"column":20},"end":{"line":136,"column":43}},"42":{"start":{"line":137,"column":20},"end":{"line":137,"column":26}},"43":{"start":{"line":141,"column":12},"end":{"line":143,"column":13}},"44":{"start":{"line":142,"column":16},"end":{"line":142,"column":68}},"45":{"start":{"line":147,"column":4},"end":{"line":147,"column":29}},"46":{"start":{"line":78,"column":13},"end":{"line":78,"column":41}},"47":{"start":{"line":155,"column":33},"end":{"line":178,"column":1}},"48":{"start":{"line":156,"column":4},"end":{"line":158,"column":5}},"49":{"start":{"line":157,"column":8},"end":{"line":157,"column":20}},"50":{"start":{"line":161,"column":32},"end":{"line":164,"column":41}},"51":{"start":{"line":161,"column":59},"end":{"line":164,"column":6}},"52":{"start":{"line":164,"column":23},"end":{"line":164,"column":40}},"53":{"start":{"line":167,"column":4},"end":{"line":175,"column":5}},"54":{"start":{"line":167,"column":17},"end":{"line":167,"column":18}},"55":{"start":{"line":168,"column":24},"end":{"line":168,"column":46}},"56":{"start":{"line":169,"column":21},"end":{"line":169,"column":47}},"57":{"start":{"line":172,"column":8},"end":{"line":174,"column":9}},"58":{"start":{"line":173,"column":12},"end":{"line":173,"column":25}},"59":{"start":{"line":177,"column":4},"end":{"line":177,"column":16}},"60":{"start":{"line":155,"column":13},"end":{"line":155,"column":33}}},"fnMap":{"0":{"name":"(anonymous_0)","decl":{"start":{"line":13,"column":36},"end":{"line":13,"column":null}},"loc":{"start":{"line":17,"column":21},"end":{"line":28,"column":1}}},"1":{"name":"(anonymous_1)","decl":{"start":{"line":55,"column":29},"end":{"line":55,"column":30}},"loc":{"start":{"line":55,"column":57},"end":{"line":58,"column":1}}},"2":{"name":"(anonymous_2)","decl":{"start":{"line":65,"column":29},"end":{"line":65,"column":30}},"loc":{"start":{"line":65,"column":62},"end":{"line":69,"column":1}}},"3":{"name":"(anonymous_3)","decl":{"start":{"line":78,"column":41},"end":{"line":78,"column":42}},"loc":{"start":{"line":83,"column":37},"end":{"line":148,"column":1}}},"4":{"name":"(anonymous_4)","decl":{"start":{"line":95,"column":52},"end":{"line":95,"column":59}},"loc":{"start":{"line":95,"column":64},"end":{"line":98,"column":6}}},"5":{"name":"(anonymous_5)","decl":{"start":{"line":104,"column":36},"end":{"line":104,"column":45}},"loc":{"start":{"line":104,"column":48},"end":{"line":145,"column":5}}},"6":{"name":"(anonymous_6)","decl":{"start":{"line":155,"column":33},"end":{"line":155,"column":34}},"loc":{"start":{"line":155,"column":91},"end":{"line":178,"column":1}}},"7":{"name":"(anonymous_7)","decl":{"start":{"line":161,"column":46},"end":{"line":161,"column":54}},"loc":{"start":{"line":161,"column":59},"end":{"line":164,"column":6}}},"8":{"name":"(anonymous_8)","decl":{"start":{"line":164,"column":13},"end":{"line":164,"column":14}},"loc":{"start":{"line":164,"column":23},"end":{"line":164,"column":40}}}},"branchMap":{"0":{"loc":{"start":{"line":19,"column":27},"end":{"line":21,"column":29}},"type":"cond-expr","locations":[{"start":{"line":20,"column":10},"end":{"line":20,"column":29}},{"start":{"line":21,"column":10},"end":{"line":21,"column":29}}]},"1":{"loc":{"start":{"line":19,"column":28},"end":{"line":19,"column":78}},"type":"binary-expr","locations":[{"start":{"line":19,"column":28},"end":{"line":19,"column":47}},{"start":{"line":19,"column":51},"end":{"line":19,"column":78}}]},"2":{"loc":{"start":{"line":23,"column":4},"end":{"line":25,"column":5}},"type":"if","locations":[{"start":{"line":23,"column":4},"end":{"line":25,"column":5}}]},"3":{"loc":{"start":{"line":23,"column":8},"end":{"line":23,"column":91}},"type":"binary-expr","locations":[{"start":{"line":23,"column":8},"end":{"line":23,"column":23}},{"start":{"line":23,"column":27},"end":{"line":23,"column":50}},{"start":{"line":23,"column":54},"end":{"line":23,"column":91}}]},"4":{"loc":{"start":{"line":84,"column":4},"end":{"line":86,"column":5}},"type":"if","locations":[{"start":{"line":84,"column":4},"end":{"line":86,"column":5}}]},"5":{"loc":{"start":{"line":84,"column":8},"end":{"line":84,"column":52}},"type":"binary-expr","locations":[{"start":{"line":84,"column":8},"end":{"line":84,"column":30}},{"start":{"line":84,"column":34},"end":{"line":84,"column":52}}]},"6":{"loc":{"start":{"line":89,"column":18},"end":{"line":91,"column":51}},"type":"binary-expr","locations":[{"start":{"line":89,"column":18},"end":{"line":89,"column":61}},{"start":{"line":90,"column":16},"end":{"line":90,"column":53}},{"start":{"line":91,"column":16},"end":{"line":91,"column":51}}]},"7":{"loc":{"start":{"line":92,"column":25},"end":{"line":92,"column":80}},"type":"cond-expr","locations":[{"start":{"line":92,"column":33},"end":{"line":92,"column":75}},{"start":{"line":92,"column":78},"end":{"line":92,"column":80}}]},"8":{"loc":{"start":{"line":114,"column":12},"end":{"line":116,"column":13}},"type":"if","locations":[{"start":{"line":114,"column":12},"end":{"line":116,"column":13}}]},"9":{"loc":{"start":{"line":119,"column":12},"end":{"line":121,"column":13}},"type":"if","locations":[{"start":{"line":119,"column":12},"end":{"line":121,"column":13}}]},"10":{"loc":{"start":{"line":119,"column":16},"end":{"line":119,"column":52}},"type":"binary-expr","locations":[{"start":{"line":119,"column":16},"end":{"line":119,"column":21}},{"start":{"line":119,"column":25},"end":{"line":119,"column":52}}]},"11":{"loc":{"start":{"line":126,"column":12},"end":{"line":128,"column":13}},"type":"if","locations":[{"start":{"line":126,"column":12},"end":{"line":128,"column":13}}]},"12":{"loc":{"start":{"line":135,"column":16},"end":{"line":138,"column":17}},"type":"if","locations":[{"start":{"line":135,"column":16},"end":{"line":138,"column":17}}]},"13":{"loc":{"start":{"line":135,"column":20},"end":{"line":135,"column":74}},"type":"binary-expr","locations":[{"start":{"line":135,"column":20},"end":{"line":135,"column":46}},{"start":{"line":135,"column":50},"end":{"line":135,"column":74}}]},"14":{"loc":{"start":{"line":141,"column":12},"end":{"line":143,"column":13}},"type":"if","locations":[{"start":{"line":141,"column":12},"end":{"line":143,"column":13}}]},"15":{"loc":{"start":{"line":156,"column":4},"end":{"line":158,"column":5}},"type":"if","locations":[{"start":{"line":156,"column":4},"end":{"line":158,"column":5}}]},"16":{"loc":{"start":{"line":172,"column":8},"end":{"line":174,"column":9}},"type":"if","locations":[{"start":{"line":172,"column":8},"end":{"line":174,"column":9}}]}},"s":{"0":2,"1":15,"2":15,"3":15,"4":0,"5":15,"6":2,"7":2,"8":55,"9":55,"10":2,"11":2,"12":38,"13":38,"14":38,"15":2,"16":2,"17":3,"18":0,"19":3,"20":3,"21":3,"22":3,"23":1,"24":3,"25":3,"26":3,"27":3,"28":3,"29":3,"30":3,"31":120,"32":80,"33":40,"34":0,"35":40,"36":40,"37":0,"38":40,"39":40,"40":18,"41":2,"42":2,"43":40,"44":38,"45":3,"46":2,"47":2,"48":8,"49":7,"50":1,"51":2,"52":1,"53":1,"54":1,"55":1,"56":1,"57":1,"58":1,"59":0,"60":2},"f":{"0":15,"1":55,"2":38,"3":3,"4":1,"5":3,"6":8,"7":2,"8":1},"b":{"0":[15,0],"1":[15,15],"2":[0],"3":[15,15,15],"4":[0],"5":[3,3],"6":[3,3,3],"7":[0,3],"8":[80],"9":[0],"10":[40,0],"11":[0],"12":[2],"13":[18,4],"14":[38],"15":[7],"16":[1]}}
,"C:\\Users\\mathi\\Desktop\\sistema-de-turnos\\utils\\imageProcessing.ts": {"path":"C:\\Users\\mathi\\Desktop\\sistema-de-turnos\\utils\\imageProcessing.ts","statementMap":{"0":{"start":{"line":2,"column":0},"end":{"line":2,"column":77}},"1":{"start":{"line":21,"column":29},"end":{"line":21,"column":31}},"2":{"start":{"line":24,"column":4},"end":{"line":26,"column":5}},"3":{"start":{"line":25,"column":6},"end":{"line":25,"column":55}},"4":{"start":{"line":29,"column":30},"end":{"line":29,"column":46}},"5":{"start":{"line":30,"column":4},"end":{"line":32,"column":5}},"6":{"start":{"line":31,"column":6},"end":{"line":31,"column":87}},"7":{"start":{"line":34,"column":4},"end":{"line":38,"column":6}},"8":{"start":{"line":58,"column":4},"end":{"line":123,"column":7}},"9":{"start":{"line":59,"column":21},"end":{"line":59,"column":37}},"10":{"start":{"line":61,"column":6},"end":{"line":116,"column":8}},"11":{"start":{"line":62,"column":20},"end":{"line":62,"column":31}},"12":{"start":{"line":64,"column":8},"end":{"line":109,"column":10}},"13":{"start":{"line":65,"column":10},"end":{"line":108,"column":11}},"14":{"start":{"line":67,"column":38},"end":{"line":71,"column":null}},"15":{"start":{"line":75,"column":27},"end":{"line":75,"column":59}},"16":{"start":{"line":76,"column":24},"end":{"line":76,"column":47}},"17":{"start":{"line":78,"column":12},"end":{"line":81,"column":13}},"18":{"start":{"line":79,"column":14},"end":{"line":79,"column":71}},"19":{"start":{"line":80,"column":14},"end":{"line":80,"column":21}},"20":{"start":{"line":83,"column":12},"end":{"line":83,"column":33}},"21":{"start":{"line":84,"column":12},"end":{"line":84,"column":35}},"22":{"start":{"line":87,"column":12},"end":{"line":87,"column":45}},"23":{"start":{"line":88,"column":12},"end":{"line":88,"column":47}},"24":{"start":{"line":89,"column":12},"end":{"line":89,"column":52}},"25":{"start":{"line":92,"column":33},"end":{"line":92,"column":87}},"26":{"start":{"line":95,"column":12},"end":{"line":105,"column":14}},"27":{"start":{"line":97,"column":16},"end":{"line":101,"column":17}},"28":{"start":{"line":98,"column":18},"end":{"line":98,"column":32}},"29":{"start":{"line":100,"column":18},"end":{"line":100,"column":76}},"30":{"start":{"line":107,"column":12},"end":{"line":107,"column":68}},"31":{"start":{"line":111,"column":8},"end":{"line":113,"column":10}},"32":{"start":{"line":112,"column":10},"end":{"line":112,"column":57}},"33":{"start":{"line":115,"column":8},"end":{"line":115,"column":49}},"34":{"start":{"line":118,"column":6},"end":{"line":120,"column":8}},"35":{"start":{"line":119,"column":8},"end":{"line":119,"column":54}},"36":{"start":{"line":122,"column":6},"end":{"line":122,"column":33}},"37":{"start":{"line":133,"column":4},"end":{"line":146,"column":7}},"38":{"start":{"line":134,"column":21},"end":{"line":134,"column":37}},"39":{"start":{"line":136,"column":6},"end":{"line":139,"column":8}},"40":{"start":{"line":137,"column":23},"end":{"line":137,"column":46}},"41":{"start":{"line":138,"column":8},"end":{"line":138,"column":24}},"42":{"start":{"line":141,"column":6},"end":{"line":143,"column":8}},"43":{"start":{"line":142,"column":8},"end":{"line":142,"column":62}},"44":{"start":{"line":145,"column":6},"end":{"line":145,"column":33}},"45":{"start":{"line":170,"column":4},"end":{"line":172,"column":5}},"46":{"start":{"line":171,"column":6},"end":{"line":171,"column":62}},"47":{"start":{"line":175,"column":23},"end":{"line":175,"column":47}},"48":{"start":{"line":176,"column":24},"end":{"line":176,"column":50}},"49":{"start":{"line":179,"column":25},"end":{"line":179,"column":58}},"50":{"start":{"line":182,"column":21},"end":{"line":182,"column":61}},"51":{"start":{"line":183,"column":22},"end":{"line":183,"column":63}},"52":{"start":{"line":185,"column":4},"end":{"line":185,"column":50}},"53":{"start":{"line":207,"column":23},"end":{"line":207,"column":46}},"54":{"start":{"line":208,"column":4},"end":{"line":210,"column":5}},"55":{"start":{"line":209,"column":6},"end":{"line":209,"column":52}},"56":{"start":{"line":213,"column":26},"end":{"line":213,"column":73}},"57":{"start":{"line":216,"column":4},"end":{"line":220,"column":5}},"58":{"start":{"line":217,"column":6},"end":{"line":219,"column":8}},"59":{"start":{"line":223,"column":20},"end":{"line":223,"column":58}},"60":{"start":{"line":226,"column":28},"end":{"line":226,"column":66}},"61":{"start":{"line":229,"column":26},"end":{"line":229,"column":62}},"62":{"start":{"line":231,"column":4},"end":{"line":238,"column":6}},"63":{"start":{"line":249,"column":4},"end":{"line":261,"column":7}},"64":{"start":{"line":250,"column":18},"end":{"line":250,"column":29}},"65":{"start":{"line":252,"column":6},"end":{"line":254,"column":8}},"66":{"start":{"line":253,"column":8},"end":{"line":253,"column":58}},"67":{"start":{"line":256,"column":6},"end":{"line":258,"column":8}},"68":{"start":{"line":257,"column":8},"end":{"line":257,"column":81}},"69":{"start":{"line":260,"column":6},"end":{"line":260,"column":24}},"70":{"start":{"line":8,"column":0},"end":{"line":8,"column":13}}},"fnMap":{"0":{"name":"(anonymous_0)","decl":{"start":{"line":20,"column":2},"end":{"line":20,"column":8}},"loc":{"start":{"line":20,"column":32},"end":{"line":39,"column":3}}},"1":{"name":"(anonymous_1)","decl":{"start":{"line":54,"column":2},"end":{"line":54,"column":8}},"loc":{"start":{"line":56,"column":33},"end":{"line":124,"column":3}}},"2":{"name":"(anonymous_2)","decl":{"start":{"line":58,"column":23},"end":{"line":58,"column":24}},"loc":{"start":{"line":58,"column":43},"end":{"line":123,"column":5}}},"3":{"name":"(anonymous_3)","decl":{"start":{"line":61,"column":22},"end":{"line":61,"column":23}},"loc":{"start":{"line":61,"column":32},"end":{"line":116,"column":7}}},"4":{"name":"(anonymous_4)","decl":{"start":{"line":64,"column":21},"end":{"line":64,"column":24}},"loc":{"start":{"line":64,"column":26},"end":{"line":109,"column":9}}},"5":{"name":"(anonymous_5)","decl":{"start":{"line":96,"column":14},"end":{"line":96,"column":15}},"loc":{"start":{"line":96,"column":23},"end":{"line":102,"column":15}}},"6":{"name":"(anonymous_6)","decl":{"start":{"line":111,"column":22},"end":{"line":111,"column":25}},"loc":{"start":{"line":111,"column":27},"end":{"line":113,"column":9}}},"7":{"name":"(anonymous_7)","decl":{"start":{"line":118,"column":23},"end":{"line":118,"column":26}},"loc":{"start":{"line":118,"column":28},"end":{"line":120,"column":7}}},"8":{"name":"(anonymous_8)","decl":{"start":{"line":132,"column":2},"end":{"line":132,"column":8}},"loc":{"start":{"line":132,"column":38},"end":{"line":147,"column":3}}},"9":{"name":"(anonymous_9)","decl":{"start":{"line":133,"column":23},"end":{"line":133,"column":24}},"loc":{"start":{"line":133,"column":43},"end":{"line":146,"column":5}}},"10":{"name":"(anonymous_10)","decl":{"start":{"line":136,"column":22},"end":{"line":136,"column":25}},"loc":{"start":{"line":136,"column":27},"end":{"line":139,"column":7}}},"11":{"name":"(anonymous_11)","decl":{"start":{"line":141,"column":23},"end":{"line":141,"column":26}},"loc":{"start":{"line":141,"column":28},"end":{"line":143,"column":7}}},"12":{"name":"(anonymous_12)","decl":{"start":{"line":163,"column":2},"end":{"line":163,"column":8}},"loc":{"start":{"line":167,"column":21},"end":{"line":186,"column":3}}},"13":{"name":"(anonymous_13)","decl":{"start":{"line":202,"column":2},"end":{"line":202,"column":8}},"loc":{"start":{"line":204,"column":33},"end":{"line":239,"column":3}}},"14":{"name":"(anonymous_14)","decl":{"start":{"line":248,"column":10},"end":{"line":248,"column":16}},"loc":{"start":{"line":248,"column":57},"end":{"line":262,"column":3}}},"15":{"name":"(anonymous_15)","decl":{"start":{"line":249,"column":23},"end":{"line":249,"column":24}},"loc":{"start":{"line":249,"column":43},"end":{"line":261,"column":5}}},"16":{"name":"(anonymous_16)","decl":{"start":{"line":252,"column":19},"end":{"line":252,"column":22}},"loc":{"start":{"line":252,"column":24},"end":{"line":254,"column":7}}},"17":{"name":"(anonymous_17)","decl":{"start":{"line":256,"column":20},"end":{"line":256,"column":23}},"loc":{"start":{"line":256,"column":25},"end":{"line":258,"column":7}}}},"branchMap":{"0":{"loc":{"start":{"line":24,"column":4},"end":{"line":26,"column":5}},"type":"if","locations":[{"start":{"line":24,"column":4},"end":{"line":26,"column":5}}]},"1":{"loc":{"start":{"line":30,"column":4},"end":{"line":32,"column":5}},"type":"if","locations":[{"start":{"line":30,"column":4},"end":{"line":32,"column":5}}]},"2":{"loc":{"start":{"line":37,"column":12},"end":{"line":37,"column":50}},"type":"cond-expr","locations":[{"start":{"line":37,"column":34},"end":{"line":37,"column":38}},{"start":{"line":37,"column":41},"end":{"line":37,"column":50}}]},"3":{"loc":{"start":{"line":78,"column":12},"end":{"line":81,"column":13}},"type":"if","locations":[{"start":{"line":78,"column":12},"end":{"line":81,"column":13}}]},"4":{"loc":{"start":{"line":92,"column":33},"end":{"line":92,"column":87}},"type":"cond-expr","locations":[{"start":{"line":92,"column":61},"end":{"line":92,"column":72}},{"start":{"line":92,"column":75},"end":{"line":92,"column":87}}]},"5":{"loc":{"start":{"line":97,"column":16},"end":{"line":101,"column":17}},"type":"if","locations":[{"start":{"line":97,"column":16},"end":{"line":101,"column":17}},{"start":{"line":99,"column":23},"end":{"line":101,"column":17}}]},"6":{"loc":{"start":{"line":170,"column":4},"end":{"line":172,"column":5}},"type":"if","locations":[{"start":{"line":170,"column":4},"end":{"line":172,"column":5}}]},"7":{"loc":{"start":{"line":170,"column":8},"end":{"line":170,"column":64}},"type":"binary-expr","locations":[{"start":{"line":170,"column":8},"end":{"line":170,"column":33}},{"start":{"line":170,"column":37},"end":{"line":170,"column":64}}]},"8":{"loc":{"start":{"line":208,"column":4},"end":{"line":210,"column":5}},"type":"if","locations":[{"start":{"line":208,"column":4},"end":{"line":210,"column":5}}]},"9":{"loc":{"start":{"line":216,"column":4},"end":{"line":220,"column":5}},"type":"if","locations":[{"start":{"line":216,"column":4},"end":{"line":220,"column":5}}]}},"s":{"0":2,"1":5,"2":5,"3":1,"4":5,"5":5,"6":1,"7":5,"8":0,"9":0,"10":0,"11":0,"12":0,"13":0,"14":0,"15":0,"16":0,"17":0,"18":0,"19":0,"20":0,"21":0,"22":0,"23":0,"24":0,"25":0,"26":0,"27":0,"28":0,"29":0,"30":0,"31":0,"32":0,"33":0,"34":0,"35":0,"36":0,"37":0,"38":0,"39":0,"40":0,"41":0,"42":0,"43":0,"44":0,"45":4,"46":1,"47":3,"48":3,"49":3,"50":3,"51":3,"52":3,"53":0,"54":0,"55":0,"56":0,"57":0,"58":0,"59":0,"60":0,"61":0,"62":0,"63":0,"64":0,"65":0,"66":0,"67":0,"68":0,"69":0,"70":2},"f":{"0":5,"1":0,"2":0,"3":0,"4":0,"5":0,"6":0,"7":0,"8":0,"9":0,"10":0,"11":0,"12":4,"13":0,"14":0,"15":0,"16":0,"17":0},"b":{"0":[1],"1":[1],"2":[3,2],"3":[0],"4":[0,0],"5":[0,0],"6":[1],"7":[4,2],"8":[0],"9":[0]}}
}
