TN:
SF:constants.ts
FNF:0
FNH:0
DA:2,5
DA:5,5
DA:15,5
DA:44,5
DA:88,5
DA:113,5
DA:116,5
LF:7
LH:7
BRF:0
BRH:0
end_of_record
TN:
SF:components\common\ImageUploader.tsx
FN:21,(anonymous_0)
FN:35,(anonymous_1)
FN:48,(anonymous_2)
FN:67,(anonymous_3)
FN:74,(anonymous_4)
FN:79,(anonymous_5)
FN:117,(anonymous_6)
FN:121,(anonymous_7)
FN:123,(anonymous_8)
FNF:9
FNH:5
FNDA:12,(anonymous_0)
FNDA:4,(anonymous_1)
FNDA:2,(anonymous_2)
FNDA:0,(anonymous_3)
FNDA:2,(anonymous_4)
FNDA:1,(anonymous_5)
FNDA:0,(anonymous_6)
FNDA:0,(anonymous_7)
FNDA:0,(anonymous_8)
DA:1,1
DA:2,1
DA:21,1
DA:29,12
DA:30,12
DA:31,12
DA:32,12
DA:35,12
DA:36,4
DA:37,1
DA:38,1
DA:39,1
DA:41,0
DA:44,3
DA:48,12
DA:49,2
DA:50,2
DA:51,2
DA:53,2
DA:54,1
DA:55,1
DA:57,1
DA:60,1
DA:61,1
DA:63,2
DA:67,12
DA:68,0
DA:69,0
DA:70,0
DA:71,0
DA:74,12
DA:75,2
DA:76,2
DA:79,12
DA:80,1
DA:81,1
DA:83,1
DA:84,1
DA:88,12
DA:89,12
DA:91,12
DA:118,0
DA:119,0
DA:121,0
DA:123,0
LF:45
LH:36
BRDA:27,0,0,12
BRDA:36,1,0,1
BRDA:36,1,1,3
BRDA:53,2,0,1
BRDA:53,2,1,1
BRDA:57,3,0,1
BRDA:57,3,1,0
BRDA:60,4,0,1
BRDA:60,4,1,0
BRDA:71,5,0,0
BRDA:76,6,0,2
BRDA:80,7,0,1
BRDA:88,8,0,0
BRDA:88,8,1,12
BRDA:89,9,0,0
BRDA:89,9,1,12
BRDA:95,10,0,2
BRDA:95,10,1,10
BRDA:115,11,0,0
BRDA:115,11,1,10
BRDA:125,12,0,4
BRDA:125,12,1,6
BRDA:133,13,0,0
BRDA:133,13,1,6
BRDA:136,14,0,0
BRDA:136,14,1,6
BRF:26
BRH:18
end_of_record
TN:
SF:components\ui\Button.tsx
FN:41,(anonymous_0)
FNF:1
FNH:1
FNDA:12,(anonymous_0)
DA:1,1
DA:41,1
DA:47,12
DA:49,12
DA:55,12
DA:61,12
LF:6
LH:6
BRDA:42,0,0,10
BRDA:43,1,0,10
BRF:2
BRH:2
end_of_record
TN:
SF:components\ui\ErrorMessage.tsx
FN:26,(anonymous_0)
FNF:1
FNH:1
FNDA:6,(anonymous_0)
DA:1,1
DA:26,1
DA:27,6
DA:28,2
DA:31,4
LF:5
LH:5
BRDA:27,0,0,2
BRF:1
BRH:1
end_of_record
TN:
SF:components\ui\Input.tsx
FN:32,(anonymous_0)
FNF:1
FNH:1
FNDA:12,(anonymous_0)
DA:1,1
DA:32,1
DA:40,12
DA:41,12
DA:43,12
LF:5
LH:5
BRDA:41,0,0,1
BRDA:41,0,1,11
BRDA:45,1,0,12
BRDA:45,1,1,2
BRDA:47,2,0,12
BRDA:47,2,1,1
BRF:6
BRH:6
end_of_record
TN:
SF:components\ui\LoadingSpinner.tsx
FN:35,(anonymous_0)
FNF:1
FNH:1
FNDA:7,(anonymous_0)
DA:1,1
DA:35,1
DA:36,7
DA:42,7
LF:4
LH:4
BRDA:35,0,0,5
BRF:1
BRH:1
end_of_record
TN:
SF:context\BusinessContext.tsx
FN:32,(anonymous_0)
FN:43,(anonymous_1)
FN:49,(anonymous_2)
FN:53,(anonymous_3)
FN:54,(anonymous_4)
FN:67,(anonymous_5)
FN:101,(anonymous_6)
FN:164,(anonymous_7)
FN:180,(anonymous_8)
FN:188,(anonymous_9)
FNF:10
FNH:9
FNDA:6,(anonymous_0)
FNDA:10,(anonymous_1)
FNDA:6,(anonymous_2)
FNDA:4,(anonymous_3)
FNDA:4,(anonymous_4)
FNDA:3,(anonymous_5)
FNDA:0,(anonymous_6)
FNDA:6,(anonymous_7)
FNDA:5,(anonymous_8)
FNDA:5,(anonymous_9)
DA:1,1
DA:3,1
DA:4,1
DA:28,1
DA:29,1
DA:32,1
DA:33,6
DA:36,6
DA:38,0
DA:43,1
DA:44,10
DA:45,10
DA:46,10
DA:49,10
DA:50,6
DA:53,10
DA:54,4
DA:55,4
DA:56,4
DA:57,4
DA:59,0
DA:61,4
DA:64,4
DA:67,10
DA:68,3
DA:69,3
DA:71,3
DA:73,0
DA:74,0
DA:75,0
DA:77,0
DA:78,0
DA:79,0
DA:81,0
DA:82,0
DA:83,0
DA:85,0
DA:86,0
DA:87,0
DA:89,2
DA:90,1
DA:91,1
DA:93,0
DA:94,0
DA:95,0
DA:97,0
DA:98,0
DA:99,0
DA:101,0
DA:102,0
DA:103,0
DA:104,0
DA:106,0
DA:108,0
DA:109,0
DA:110,0
DA:112,0
DA:113,0
DA:114,0
DA:116,0
DA:117,0
DA:118,0
DA:120,0
DA:121,0
DA:122,0
DA:123,0
DA:125,1
DA:126,1
DA:127,1
DA:128,1
DA:130,0
DA:131,0
DA:132,0
DA:133,0
DA:135,0
DA:136,0
DA:137,0
DA:138,0
DA:141,0
DA:142,0
DA:143,0
DA:145,0
DA:148,0
DA:149,0
DA:150,0
DA:152,0
DA:156,0
DA:159,1
DA:160,1
DA:164,10
DA:166,10
DA:167,4
DA:170,6
DA:180,1
DA:181,5
DA:182,5
DA:183,0
DA:185,5
DA:188,1
DA:189,5
DA:190,5
DA:191,0
DA:193,5
LF:103
LH:46
BRDA:33,0,0,4
BRDA:33,0,1,6
BRDA:33,0,2,0
BRDA:71,1,0,0
BRDA:71,1,1,0
BRDA:71,1,2,0
BRDA:71,1,3,0
BRDA:71,1,4,2
BRDA:71,1,5,0
BRDA:71,1,6,0
BRDA:71,1,7,0
BRDA:71,1,8,0
BRDA:71,1,9,0
BRDA:71,1,10,0
BRDA:71,1,11,0
BRDA:71,1,12,1
BRDA:71,1,13,0
BRDA:71,1,14,0
BRDA:71,1,15,0
BRDA:71,1,16,0
BRDA:71,1,17,0
BRDA:102,2,0,0
BRDA:166,3,0,4
BRDA:182,4,0,0
BRDA:190,5,0,0
BRF:25
BRH:5
end_of_record
TN:
SF:services\api.ts
FN:8,(anonymous_0)
FN:15,(anonymous_1)
FN:31,(anonymous_2)
FN:37,(anonymous_3)
FN:38,(anonymous_4)
FN:48,(anonymous_5)
FN:49,(anonymous_6)
FN:61,(anonymous_7)
FN:64,(anonymous_8)
FN:70,(anonymous_9)
FN:81,(anonymous_10)
FN:82,(anonymous_11)
FN:94,(anonymous_12)
FN:104,(anonymous_13)
FN:118,(anonymous_14)
FN:119,(anonymous_15)
FN:130,(anonymous_16)
FN:142,(anonymous_17)
FN:145,(anonymous_18)
FNF:19
FNH:17
FNDA:5,(anonymous_0)
FNDA:5,(anonymous_1)
FNDA:1,(anonymous_2)
FNDA:3,(anonymous_3)
FNDA:3,(anonymous_4)
FNDA:0,(anonymous_5)
FNDA:0,(anonymous_6)
FNDA:22,(anonymous_7)
FNDA:3,(anonymous_8)
FNDA:2,(anonymous_9)
FNDA:1,(anonymous_10)
FNDA:1,(anonymous_11)
FNDA:16,(anonymous_12)
FNDA:7,(anonymous_13)
FNDA:21,(anonymous_14)
FNDA:21,(anonymous_15)
FNDA:14,(anonymous_16)
FNDA:7,(anonymous_17)
FNDA:4,(anonymous_18)
DA:2,1
DA:8,1
DA:15,5
DA:16,5
DA:17,0
DA:21,5
DA:22,5
DA:25,5
DA:26,2
DA:30,3
DA:31,3
DA:34,3
DA:36,3
DA:37,1
DA:38,3
DA:41,1
DA:42,2
DA:44,2
DA:45,0
DA:48,2
DA:49,2
DA:55,2
DA:61,22
DA:64,3
DA:65,2
DA:66,0
DA:70,2
DA:71,2
DA:72,1
DA:75,1
DA:77,1
DA:78,0
DA:81,1
DA:82,1
DA:88,1
DA:94,16
DA:98,2
DA:104,1
DA:111,7
DA:112,7
DA:113,7
DA:114,7
DA:115,7
DA:118,7
DA:119,21
DA:123,7
DA:125,12
DA:126,12
DA:127,0
DA:130,12
DA:131,14
DA:132,14
DA:133,14
DA:136,12
DA:137,3
DA:141,9
DA:142,7
DA:145,9
DA:146,4
DA:147,4
DA:148,4
DA:152,9
DA:153,5
DA:158,2
LF:64
LH:59
BRDA:16,0,0,0
BRDA:25,1,0,2
BRDA:36,2,0,1
BRDA:36,2,1,2
BRDA:44,3,0,0
BRDA:65,4,0,0
BRDA:71,5,0,1
BRDA:77,6,0,0
BRDA:126,7,0,0
BRDA:133,8,0,14
BRDA:133,8,1,12
BRDA:136,9,0,3
BRDA:142,10,0,7
BRDA:142,10,1,4
BRDA:148,11,0,4
BRDA:148,11,1,4
BRDA:152,12,0,5
BRF:17
BRH:12
end_of_record
TN:
SF:services\imageStorage.ts
FN:17,(anonymous_0)
FN:38,(anonymous_1)
FN:105,(anonymous_2)
FN:122,(anonymous_3)
FN:142,(anonymous_4)
FN:158,(anonymous_5)
FN:194,(anonymous_6)
FNF:7
FNH:6
FNDA:1,(anonymous_0)
FNDA:7,(anonymous_1)
FNDA:3,(anonymous_2)
FNDA:2,(anonymous_3)
FNDA:5,(anonymous_4)
FNDA:5,(anonymous_5)
FNDA:0,(anonymous_6)
DA:2,1
DA:3,1
DA:18,1
DA:19,1
DA:39,7
DA:41,7
DA:42,1
DA:43,1
DA:46,7
DA:49,7
DA:52,6
DA:53,1
DA:61,5
DA:64,5
DA:65,5
DA:67,0
DA:68,0
DA:73,0
DA:77,5
DA:80,5
DA:90,2
DA:107,3
DA:108,2
DA:124,2
DA:125,1
DA:126,1
DA:130,1
DA:143,5
DA:144,5
DA:145,5
DA:159,5
DA:160,5
DA:161,5
DA:162,5
DA:163,5
DA:164,5
DA:168,5
DA:169,5
DA:171,5
DA:172,0
DA:191,1
DA:194,1
LF:42
LH:38
BRDA:41,0,0,1
BRDA:52,1,0,1
BRDA:67,2,0,0
BRDA:67,3,0,0
BRDA:67,3,1,0
BRDA:94,4,0,2
BRDA:94,4,1,0
BRDA:107,5,0,2
BRDA:124,6,0,1
BRDA:126,7,0,1
BRDA:126,7,1,0
BRDA:162,8,0,5
BRDA:164,9,0,5
BRDA:164,9,1,0
BRDA:171,10,0,0
BRF:15
BRH:8
end_of_record
TN:
SF:services\mockBackend.ts
FN:10,loadState
FN:25,saveState
FN:36,(anonymous_2)
FN:37,(anonymous_3)
FN:41,(anonymous_4)
FN:42,(anonymous_5)
FN:62,(anonymous_6)
FN:68,(anonymous_7)
FN:72,(anonymous_8)
FN:84,(anonymous_9)
FN:101,(anonymous_10)
FN:102,(anonymous_11)
FN:103,(anonymous_12)
FN:106,(anonymous_13)
FN:107,(anonymous_14)
FN:118,(anonymous_15)
FN:119,(anonymous_16)
FN:120,(anonymous_17)
FN:126,(anonymous_18)
FN:127,(anonymous_19)
FN:128,(anonymous_20)
FN:134,(anonymous_21)
FN:135,(anonymous_22)
FN:142,(anonymous_23)
FN:143,(anonymous_24)
FN:144,(anonymous_25)
FN:150,(anonymous_26)
FN:151,(anonymous_27)
FN:153,(anonymous_28)
FN:159,(anonymous_29)
FN:160,(anonymous_30)
FN:162,(anonymous_31)
FN:170,(anonymous_32)
FN:171,(anonymous_33)
FN:178,(anonymous_34)
FN:179,(anonymous_35)
FN:180,(anonymous_36)
FN:186,(anonymous_37)
FN:187,(anonymous_38)
FN:189,(anonymous_39)
FN:189,(anonymous_40)
FN:193,(anonymous_41)
FN:199,(anonymous_42)
FNF:43
FNH:15
FNDA:27,loadState
FNDA:0,saveState
FNDA:0,(anonymous_2)
FNDA:0,(anonymous_3)
FNDA:3,(anonymous_4)
FNDA:3,(anonymous_5)
FNDA:7,(anonymous_6)
FNDA:1,(anonymous_7)
FNDA:1,(anonymous_8)
FNDA:1,(anonymous_9)
FNDA:0,(anonymous_10)
FNDA:0,(anonymous_11)
FNDA:0,(anonymous_12)
FNDA:0,(anonymous_13)
FNDA:0,(anonymous_14)
FNDA:0,(anonymous_15)
FNDA:0,(anonymous_16)
FNDA:0,(anonymous_17)
FNDA:0,(anonymous_18)
FNDA:0,(anonymous_19)
FNDA:0,(anonymous_20)
FNDA:0,(anonymous_21)
FNDA:0,(anonymous_22)
FNDA:0,(anonymous_23)
FNDA:0,(anonymous_24)
FNDA:0,(anonymous_25)
FNDA:1,(anonymous_26)
FNDA:1,(anonymous_27)
FNDA:1,(anonymous_28)
FNDA:0,(anonymous_29)
FNDA:0,(anonymous_30)
FNDA:0,(anonymous_31)
FNDA:0,(anonymous_32)
FNDA:0,(anonymous_33)
FNDA:0,(anonymous_34)
FNDA:0,(anonymous_35)
FNDA:0,(anonymous_36)
FNDA:1,(anonymous_37)
FNDA:1,(anonymous_38)
FNDA:1,(anonymous_39)
FNDA:1,(anonymous_40)
FNDA:0,(anonymous_41)
FNDA:25,(anonymous_42)
DA:2,2
DA:3,2
DA:5,2
DA:8,2
DA:11,27
DA:12,27
DA:13,27
DA:14,25
DA:16,25
DA:19,0
DA:22,2
DA:26,0
DA:27,0
DA:29,0
DA:35,2
DA:37,0
DA:38,0
DA:42,3
DA:46,3
DA:47,10
DA:49,9
DA:50,10
DA:51,1
DA:55,8
DA:56,1
DA:62,1
DA:63,7
DA:66,1
DA:67,1
DA:68,1
DA:70,1
DA:71,1
DA:72,1
DA:74,1
DA:76,1
DA:78,1
DA:79,1
DA:80,0
DA:82,1
DA:83,1
DA:84,1
DA:85,1
DA:86,1
DA:87,1
DA:89,1
DA:90,1
DA:96,0
DA:97,0
DA:98,0
DA:102,0
DA:103,0
DA:107,0
DA:108,0
DA:112,0
DA:113,0
DA:114,0
DA:115,0
DA:119,0
DA:120,0
DA:121,0
DA:122,0
DA:123,0
DA:127,0
DA:128,0
DA:129,0
DA:130,0
DA:131,0
DA:135,0
DA:136,0
DA:137,0
DA:138,0
DA:139,0
DA:143,0
DA:144,0
DA:145,0
DA:146,0
DA:147,0
DA:151,1
DA:152,1
DA:153,1
DA:154,1
DA:155,1
DA:157,0
DA:159,0
DA:160,0
DA:162,0
DA:165,0
DA:166,0
DA:167,0
DA:171,0
DA:172,0
DA:173,0
DA:174,0
DA:175,0
DA:179,0
DA:180,0
DA:181,0
DA:182,0
DA:183,0
DA:187,1
DA:188,1
DA:189,1
DA:190,1
DA:191,1
DA:193,0
DA:194,0
DA:195,0
DA:196,0
DA:200,25
LF:109
LH:50
BRDA:13,0,0,25
BRDA:47,1,0,9
BRDA:50,2,0,1
BRDA:50,3,0,10
BRDA:50,3,1,10
BRDA:50,3,2,10
BRDA:55,4,0,1
BRDA:66,5,0,1
BRDA:74,6,0,0
BRDA:79,7,0,0
BRDA:87,8,0,1
BRDA:87,8,1,1
BRDA:89,9,0,1
BRDA:120,10,0,0
BRDA:120,10,1,0
BRDA:144,11,0,0
BRDA:144,11,1,0
BRDA:153,12,0,1
BRDA:153,12,1,1
BRDA:154,13,0,1
BRDA:180,14,0,0
BRDA:180,14,1,0
BRDA:189,15,0,1
BRDA:189,15,1,1
BRDA:190,16,0,1
BRF:25
BRH:17
end_of_record
TN:
SF:services\mockData.ts
FN:4,(anonymous_0)
FNF:1
FNH:1
FNDA:20,(anonymous_0)
DA:4,5
DA:5,20
DA:6,20
DA:7,20
DA:10,5
LF:5
LH:5
BRF:0
BRH:0
end_of_record
TN:
SF:utils\availability.ts
FN:13,(anonymous_0)
FN:55,(anonymous_1)
FN:65,(anonymous_2)
FN:78,(anonymous_3)
FN:95,(anonymous_4)
FN:104,(anonymous_5)
FN:155,(anonymous_6)
FN:161,(anonymous_7)
FN:164,(anonymous_8)
FNF:9
FNH:9
FNDA:15,(anonymous_0)
FNDA:55,(anonymous_1)
FNDA:38,(anonymous_2)
FNDA:3,(anonymous_3)
FNDA:1,(anonymous_4)
FNDA:3,(anonymous_5)
FNDA:8,(anonymous_6)
FNDA:2,(anonymous_7)
FNDA:1,(anonymous_8)
DA:13,2
DA:18,15
DA:19,15
DA:23,15
DA:24,0
DA:27,15
DA:55,2
DA:56,55
DA:57,55
DA:65,2
DA:66,38
DA:67,38
DA:68,38
DA:78,2
DA:84,3
DA:85,0
DA:88,3
DA:89,3
DA:92,3
DA:95,3
DA:100,3
DA:101,3
DA:104,3
DA:105,3
DA:106,3
DA:109,3
DA:114,120
DA:115,80
DA:119,40
DA:120,0
DA:123,40
DA:126,40
DA:127,0
DA:131,40
DA:132,40
DA:135,18
DA:136,2
DA:137,2
DA:141,40
DA:142,38
DA:147,3
DA:155,2
DA:156,8
DA:157,7
DA:161,2
DA:164,1
DA:167,1
DA:168,1
DA:169,1
DA:172,1
DA:173,1
DA:177,0
LF:52
LH:47
BRDA:19,0,0,15
BRDA:19,0,1,0
BRDA:19,1,0,15
BRDA:19,1,1,15
BRDA:23,2,0,0
BRDA:23,3,0,15
BRDA:23,3,1,15
BRDA:23,3,2,15
BRDA:84,4,0,0
BRDA:84,5,0,3
BRDA:84,5,1,3
BRDA:89,6,0,3
BRDA:89,6,1,3
BRDA:89,6,2,3
BRDA:92,7,0,0
BRDA:92,7,1,3
BRDA:114,8,0,80
BRDA:119,9,0,0
BRDA:119,10,0,40
BRDA:119,10,1,0
BRDA:126,11,0,0
BRDA:135,12,0,2
BRDA:135,13,0,18
BRDA:135,13,1,4
BRDA:141,14,0,38
BRDA:156,15,0,7
BRDA:172,16,0,1
BRF:27
BRH:20
end_of_record
TN:
SF:utils\imageProcessing.ts
FN:20,(anonymous_0)
FN:54,(anonymous_1)
FN:58,(anonymous_2)
FN:61,(anonymous_3)
FN:64,(anonymous_4)
FN:96,(anonymous_5)
FN:111,(anonymous_6)
FN:118,(anonymous_7)
FN:132,(anonymous_8)
FN:133,(anonymous_9)
FN:136,(anonymous_10)
FN:141,(anonymous_11)
FN:163,(anonymous_12)
FN:202,(anonymous_13)
FN:248,(anonymous_14)
FN:249,(anonymous_15)
FN:252,(anonymous_16)
FN:256,(anonymous_17)
FNF:18
FNH:2
FNDA:5,(anonymous_0)
FNDA:0,(anonymous_1)
FNDA:0,(anonymous_2)
FNDA:0,(anonymous_3)
FNDA:0,(anonymous_4)
FNDA:0,(anonymous_5)
FNDA:0,(anonymous_6)
FNDA:0,(anonymous_7)
FNDA:0,(anonymous_8)
FNDA:0,(anonymous_9)
FNDA:0,(anonymous_10)
FNDA:0,(anonymous_11)
FNDA:4,(anonymous_12)
FNDA:0,(anonymous_13)
FNDA:0,(anonymous_14)
FNDA:0,(anonymous_15)
FNDA:0,(anonymous_16)
FNDA:0,(anonymous_17)
DA:2,2
DA:8,2
DA:21,5
DA:24,5
DA:25,1
DA:29,5
DA:30,5
DA:31,1
DA:34,5
DA:58,0
DA:59,0
DA:61,0
DA:62,0
DA:64,0
DA:65,0
DA:67,0
DA:75,0
DA:76,0
DA:78,0
DA:79,0
DA:80,0
DA:83,0
DA:84,0
DA:87,0
DA:88,0
DA:89,0
DA:92,0
DA:95,0
DA:97,0
DA:98,0
DA:100,0
DA:107,0
DA:111,0
DA:112,0
DA:115,0
DA:118,0
DA:119,0
DA:122,0
DA:133,0
DA:134,0
DA:136,0
DA:137,0
DA:138,0
DA:141,0
DA:142,0
DA:145,0
DA:170,4
DA:171,1
DA:175,3
DA:176,3
DA:179,3
DA:182,3
DA:183,3
DA:185,3
DA:207,0
DA:208,0
DA:209,0
DA:213,0
DA:216,0
DA:217,0
DA:223,0
DA:226,0
DA:229,0
DA:231,0
DA:249,0
DA:250,0
DA:252,0
DA:253,0
DA:256,0
DA:257,0
DA:260,0
LF:71
LH:17
BRDA:24,0,0,1
BRDA:30,1,0,1
BRDA:37,2,0,3
BRDA:37,2,1,2
BRDA:78,3,0,0
BRDA:92,4,0,0
BRDA:92,4,1,0
BRDA:97,5,0,0
BRDA:97,5,1,0
BRDA:170,6,0,1
BRDA:170,7,0,4
BRDA:170,7,1,2
BRDA:208,8,0,0
BRDA:216,9,0,0
BRF:14
BRH:7
end_of_record
